{"/home/will/Documents/GuitarHub/svelte.config.js": {"path":"/home/will/Documents/GuitarHub/svelte.config.js","all":true,"statementMap":{"0":{"start":{"line":1,"column":0},"end":{"line":1,"column":47}},"1":{"start":{"line":2,"column":0},"end":{"line":2,"column":62}},"3":{"start":{"line":4,"column":0},"end":{"line":4,"column":45}},"4":{"start":{"line":5,"column":0},"end":{"line":5,"column":16}},"5":{"start":{"line":6,"column":0},"end":{"line":6,"column":31}},"6":{"start":{"line":7,"column":0},"end":{"line":7,"column":8}},"7":{"start":{"line":8,"column":0},"end":{"line":8,"column":22}},"8":{"start":{"line":9,"column":0},"end":{"line":9,"column":29}},"9":{"start":{"line":10,"column":0},"end":{"line":10,"column":21}},"10":{"start":{"line":11,"column":0},"end":{"line":11,"column":21}},"11":{"start":{"line":12,"column":0},"end":{"line":12,"column":6}},"12":{"start":{"line":13,"column":0},"end":{"line":13,"column":3}},"13":{"start":{"line":14,"column":0},"end":{"line":14,"column":2}},"15":{"start":{"line":16,"column":0},"end":{"line":16,"column":22}}},"s":{"0":0,"1":0,"3":0,"4":0,"5":0,"6":0,"7":0,"8":0,"9":0,"10":0,"11":0,"12":0,"13":0,"15":0},"branchMap":{"0":{"type":"branch","line":1,"loc":{"start":{"line":1,"column":350},"end":{"line":16,"column":22}},"locations":[{"start":{"line":1,"column":350},"end":{"line":16,"column":22}}]}},"b":{"0":[0]},"fnMap":{"0":{"name":"(empty-report)","decl":{"start":{"line":1,"column":350},"end":{"line":16,"column":22}},"loc":{"start":{"line":1,"column":350},"end":{"line":16,"column":22}},"line":1}},"f":{"0":0}}
,"/home/will/Documents/GuitarHub/vitest.e2e.config.ts": {"path":"/home/will/Documents/GuitarHub/vitest.e2e.config.ts","all":true,"statementMap":{"0":{"start":{"line":1,"column":0},"end":{"line":1,"column":45}},"1":{"start":{"line":2,"column":0},"end":{"line":2,"column":24}},"3":{"start":{"line":4,"column":0},"end":{"line":4,"column":29}},"4":{"start":{"line":5,"column":0},"end":{"line":5,"column":9}},"5":{"start":{"line":6,"column":0},"end":{"line":6,"column":58}},"6":{"start":{"line":7,"column":0},"end":{"line":7,"column":24}},"7":{"start":{"line":8,"column":0},"end":{"line":8,"column":18}},"8":{"start":{"line":9,"column":0},"end":{"line":9,"column":4}},"9":{"start":{"line":10,"column":0},"end":{"line":10,"column":3}}},"s":{"0":0,"1":0,"3":0,"4":0,"5":0,"6":0,"7":0,"8":0,"9":0},"branchMap":{"0":{"type":"branch","line":1,"loc":{"start":{"line":1,"column":223},"end":{"line":10,"column":3}},"locations":[{"start":{"line":1,"column":223},"end":{"line":10,"column":3}}]}},"b":{"0":[0]},"fnMap":{"0":{"name":"(empty-report)","decl":{"start":{"line":1,"column":223},"end":{"line":10,"column":3}},"loc":{"start":{"line":1,"column":223},"end":{"line":10,"column":3}},"line":1}},"f":{"0":0}}
,"/home/will/Documents/GuitarHub/build/_app/immutable/chunks/-8QP2fVP.js": {"path":"/home/will/Documents/GuitarHub/build/_app/immutable/chunks/-8QP2fVP.js","all":true,"statementMap":{"0":{"start":{"line":1,"column":0},"end":{"line":1,"column":28045}}},"s":{"0":0},"branchMap":{"0":{"type":"branch","line":1,"loc":{"start":{"line":1,"column":28045},"end":{"line":1,"column":28045}},"locations":[{"start":{"line":1,"column":28045},"end":{"line":1,"column":28045}}]}},"b":{"0":[0]},"fnMap":{"0":{"name":"(empty-report)","decl":{"start":{"line":1,"column":28045},"end":{"line":1,"column":28045}},"loc":{"start":{"line":1,"column":28045},"end":{"line":1,"column":28045}},"line":1}},"f":{"0":0}}
,"/home/will/Documents/GuitarHub/build/_app/immutable/chunks/B2c9f6AX.js": {"path":"/home/will/Documents/GuitarHub/build/_app/immutable/chunks/B2c9f6AX.js","all":true,"statementMap":{"0":{"start":{"line":1,"column":0},"end":{"line":1,"column":1435}}},"s":{"0":0},"branchMap":{"0":{"type":"branch","line":1,"loc":{"start":{"line":1,"column":1435},"end":{"line":1,"column":1435}},"locations":[{"start":{"line":1,"column":1435},"end":{"line":1,"column":1435}}]}},"b":{"0":[0]},"fnMap":{"0":{"name":"(empty-report)","decl":{"start":{"line":1,"column":1435},"end":{"line":1,"column":1435}},"loc":{"start":{"line":1,"column":1435},"end":{"line":1,"column":1435}},"line":1}},"f":{"0":0}}
,"/home/will/Documents/GuitarHub/build/_app/immutable/chunks/BULU-lju.js": {"path":"/home/will/Documents/GuitarHub/build/_app/immutable/chunks/BULU-lju.js","all":true,"statementMap":{"0":{"start":{"line":1,"column":0},"end":{"line":1,"column":57}},"1":{"start":{"line":2,"column":0},"end":{"line":2,"column":625}}},"s":{"0":0,"1":0},"branchMap":{"0":{"type":"branch","line":1,"loc":{"start":{"line":1,"column":683},"end":{"line":2,"column":625}},"locations":[{"start":{"line":1,"column":683},"end":{"line":2,"column":625}}]}},"b":{"0":[0]},"fnMap":{"0":{"name":"(empty-report)","decl":{"start":{"line":1,"column":683},"end":{"line":2,"column":625}},"loc":{"start":{"line":1,"column":683},"end":{"line":2,"column":625}},"line":1}},"f":{"0":0}}
,"/home/will/Documents/GuitarHub/build/_app/immutable/chunks/BpPf0jxy.js": {"path":"/home/will/Documents/GuitarHub/build/_app/immutable/chunks/BpPf0jxy.js","all":true,"statementMap":{"0":{"start":{"line":1,"column":0},"end":{"line":1,"column":38}}},"s":{"0":0},"branchMap":{"0":{"type":"branch","line":1,"loc":{"start":{"line":1,"column":0},"end":{"line":1,"column":38}},"locations":[{"start":{"line":1,"column":0},"end":{"line":1,"column":38}}]}},"b":{"0":[0]},"fnMap":{"0":{"name":"(empty-report)","decl":{"start":{"line":1,"column":0},"end":{"line":1,"column":38}},"loc":{"start":{"line":1,"column":0},"end":{"line":1,"column":38}},"line":1}},"f":{"0":0}}
,"/home/will/Documents/GuitarHub/build/_app/immutable/chunks/CID8fe1K.js": {"path":"/home/will/Documents/GuitarHub/build/_app/immutable/chunks/CID8fe1K.js","all":true,"statementMap":{"0":{"start":{"line":1,"column":0},"end":{"line":1,"column":2564}}},"s":{"0":0},"branchMap":{"0":{"type":"branch","line":1,"loc":{"start":{"line":1,"column":2564},"end":{"line":1,"column":2564}},"locations":[{"start":{"line":1,"column":2564},"end":{"line":1,"column":2564}}]}},"b":{"0":[0]},"fnMap":{"0":{"name":"(empty-report)","decl":{"start":{"line":1,"column":2564},"end":{"line":1,"column":2564}},"loc":{"start":{"line":1,"column":2564},"end":{"line":1,"column":2564}},"line":1}},"f":{"0":0}}
,"/home/will/Documents/GuitarHub/build/_app/immutable/chunks/Cn2obrkS.js": {"path":"/home/will/Documents/GuitarHub/build/_app/immutable/chunks/Cn2obrkS.js","all":true,"statementMap":{"0":{"start":{"line":1,"column":0},"end":{"line":1,"column":633}}},"s":{"0":0},"branchMap":{"0":{"type":"branch","line":1,"loc":{"start":{"line":1,"column":633},"end":{"line":1,"column":633}},"locations":[{"start":{"line":1,"column":633},"end":{"line":1,"column":633}}]}},"b":{"0":[0]},"fnMap":{"0":{"name":"(empty-report)","decl":{"start":{"line":1,"column":633},"end":{"line":1,"column":633}},"loc":{"start":{"line":1,"column":633},"end":{"line":1,"column":633}},"line":1}},"f":{"0":0}}
,"/home/will/Documents/GuitarHub/build/_app/immutable/chunks/D-LB2lcf.js": {"path":"/home/will/Documents/GuitarHub/build/_app/immutable/chunks/D-LB2lcf.js","all":true,"statementMap":{"0":{"start":{"line":1,"column":0},"end":{"line":1,"column":995}}},"s":{"0":0},"branchMap":{"0":{"type":"branch","line":1,"loc":{"start":{"line":1,"column":995},"end":{"line":1,"column":995}},"locations":[{"start":{"line":1,"column":995},"end":{"line":1,"column":995}}]}},"b":{"0":[0]},"fnMap":{"0":{"name":"(empty-report)","decl":{"start":{"line":1,"column":995},"end":{"line":1,"column":995}},"loc":{"start":{"line":1,"column":995},"end":{"line":1,"column":995}},"line":1}},"f":{"0":0}}
,"/home/will/Documents/GuitarHub/build/_app/immutable/chunks/D5_S0rn0.js": {"path":"/home/will/Documents/GuitarHub/build/_app/immutable/chunks/D5_S0rn0.js","all":true,"statementMap":{"0":{"start":{"line":1,"column":0},"end":{"line":1,"column":242}}},"s":{"0":0},"branchMap":{"0":{"type":"branch","line":1,"loc":{"start":{"line":1,"column":242},"end":{"line":1,"column":242}},"locations":[{"start":{"line":1,"column":242},"end":{"line":1,"column":242}}]}},"b":{"0":[0]},"fnMap":{"0":{"name":"(empty-report)","decl":{"start":{"line":1,"column":242},"end":{"line":1,"column":242}},"loc":{"start":{"line":1,"column":242},"end":{"line":1,"column":242}},"line":1}},"f":{"0":0}}
,"/home/will/Documents/GuitarHub/build/_app/immutable/chunks/DJZ9Dnhh.js": {"path":"/home/will/Documents/GuitarHub/build/_app/immutable/chunks/DJZ9Dnhh.js","all":true,"statementMap":{"0":{"start":{"line":1,"column":0},"end":{"line":1,"column":7741}},"1":{"start":{"line":2,"column":0},"end":{"line":2,"column":1371}}},"s":{"0":0,"1":0},"branchMap":{"0":{"type":"branch","line":1,"loc":{"start":{"line":1,"column":9113},"end":{"line":2,"column":1371}},"locations":[{"start":{"line":1,"column":9113},"end":{"line":2,"column":1371}}]}},"b":{"0":[0]},"fnMap":{"0":{"name":"(empty-report)","decl":{"start":{"line":1,"column":9113},"end":{"line":2,"column":1371}},"loc":{"start":{"line":1,"column":9113},"end":{"line":2,"column":1371}},"line":1}},"f":{"0":0}}
,"/home/will/Documents/GuitarHub/build/_app/immutable/chunks/DMNq4Lrr.js": {"path":"/home/will/Documents/GuitarHub/build/_app/immutable/chunks/DMNq4Lrr.js","all":true,"statementMap":{"0":{"start":{"line":1,"column":0},"end":{"line":1,"column":28286}}},"s":{"0":0},"branchMap":{"0":{"type":"branch","line":1,"loc":{"start":{"line":1,"column":28286},"end":{"line":1,"column":28286}},"locations":[{"start":{"line":1,"column":28286},"end":{"line":1,"column":28286}}]}},"b":{"0":[0]},"fnMap":{"0":{"name":"(empty-report)","decl":{"start":{"line":1,"column":28286},"end":{"line":1,"column":28286}},"loc":{"start":{"line":1,"column":28286},"end":{"line":1,"column":28286}},"line":1}},"f":{"0":0}}
,"/home/will/Documents/GuitarHub/build/_app/immutable/chunks/DT3jsjEW.js": {"path":"/home/will/Documents/GuitarHub/build/_app/immutable/chunks/DT3jsjEW.js","all":true,"statementMap":{"0":{"start":{"line":1,"column":0},"end":{"line":1,"column":645}}},"s":{"0":0},"branchMap":{"0":{"type":"branch","line":1,"loc":{"start":{"line":1,"column":645},"end":{"line":1,"column":645}},"locations":[{"start":{"line":1,"column":645},"end":{"line":1,"column":645}}]}},"b":{"0":[0]},"fnMap":{"0":{"name":"(empty-report)","decl":{"start":{"line":1,"column":645},"end":{"line":1,"column":645}},"loc":{"start":{"line":1,"column":645},"end":{"line":1,"column":645}},"line":1}},"f":{"0":0}}
,"/home/will/Documents/GuitarHub/build/_app/immutable/chunks/D_2EPf_t.js": {"path":"/home/will/Documents/GuitarHub/build/_app/immutable/chunks/D_2EPf_t.js","all":true,"statementMap":{"0":{"start":{"line":1,"column":0},"end":{"line":1,"column":5521}}},"s":{"0":0},"branchMap":{"0":{"type":"branch","line":1,"loc":{"start":{"line":1,"column":5521},"end":{"line":1,"column":5521}},"locations":[{"start":{"line":1,"column":5521},"end":{"line":1,"column":5521}}]}},"b":{"0":[0]},"fnMap":{"0":{"name":"(empty-report)","decl":{"start":{"line":1,"column":5521},"end":{"line":1,"column":5521}},"loc":{"start":{"line":1,"column":5521},"end":{"line":1,"column":5521}},"line":1}},"f":{"0":0}}
,"/home/will/Documents/GuitarHub/build/_app/immutable/chunks/DlQNAQKj.js": {"path":"/home/will/Documents/GuitarHub/build/_app/immutable/chunks/DlQNAQKj.js","all":true,"statementMap":{"0":{"start":{"line":1,"column":0},"end":{"line":1,"column":90}}},"s":{"0":0},"branchMap":{"0":{"type":"branch","line":1,"loc":{"start":{"line":1,"column":90},"end":{"line":1,"column":90}},"locations":[{"start":{"line":1,"column":90},"end":{"line":1,"column":90}}]}},"b":{"0":[0]},"fnMap":{"0":{"name":"(empty-report)","decl":{"start":{"line":1,"column":90},"end":{"line":1,"column":90}},"loc":{"start":{"line":1,"column":90},"end":{"line":1,"column":90}},"line":1}},"f":{"0":0}}
,"/home/will/Documents/GuitarHub/build/_app/immutable/chunks/Dp1pzeXC.js": {"path":"/home/will/Documents/GuitarHub/build/_app/immutable/chunks/Dp1pzeXC.js","all":true,"statementMap":{"0":{"start":{"line":1,"column":0},"end":{"line":1,"column":1265}}},"s":{"0":0},"branchMap":{"0":{"type":"branch","line":1,"loc":{"start":{"line":1,"column":1265},"end":{"line":1,"column":1265}},"locations":[{"start":{"line":1,"column":1265},"end":{"line":1,"column":1265}}]}},"b":{"0":[0]},"fnMap":{"0":{"name":"(empty-report)","decl":{"start":{"line":1,"column":1265},"end":{"line":1,"column":1265}},"loc":{"start":{"line":1,"column":1265},"end":{"line":1,"column":1265}},"line":1}},"f":{"0":0}}
,"/home/will/Documents/GuitarHub/build/_app/immutable/chunks/wNXCkgYO.js": {"path":"/home/will/Documents/GuitarHub/build/_app/immutable/chunks/wNXCkgYO.js","all":true,"statementMap":{"0":{"start":{"line":1,"column":0},"end":{"line":1,"column":109}},"1":{"start":{"line":2,"column":0},"end":{"line":2,"column":6079}}},"s":{"0":0,"1":0},"branchMap":{"0":{"type":"branch","line":1,"loc":{"start":{"line":1,"column":6189},"end":{"line":2,"column":6079}},"locations":[{"start":{"line":1,"column":6189},"end":{"line":2,"column":6079}}]}},"b":{"0":[0]},"fnMap":{"0":{"name":"(empty-report)","decl":{"start":{"line":1,"column":6189},"end":{"line":2,"column":6079}},"loc":{"start":{"line":1,"column":6189},"end":{"line":2,"column":6079}},"line":1}},"f":{"0":0}}
,"/home/will/Documents/GuitarHub/build/_app/immutable/entry/app.CXGpFW6z.js": {"path":"/home/will/Documents/GuitarHub/build/_app/immutable/entry/app.CXGpFW6z.js","all":true,"statementMap":{"0":{"start":{"line":1,"column":0},"end":{"line":1,"column":680}},"1":{"start":{"line":2,"column":0},"end":{"line":2,"column":5289}}},"s":{"0":0,"1":0},"branchMap":{"0":{"type":"branch","line":1,"loc":{"start":{"line":1,"column":5970},"end":{"line":2,"column":5289}},"locations":[{"start":{"line":1,"column":5970},"end":{"line":2,"column":5289}}]}},"b":{"0":[0]},"fnMap":{"0":{"name":"(empty-report)","decl":{"start":{"line":1,"column":5970},"end":{"line":2,"column":5289}},"loc":{"start":{"line":1,"column":5970},"end":{"line":2,"column":5289}},"line":1}},"f":{"0":0}}
,"/home/will/Documents/GuitarHub/build/_app/immutable/entry/start.BZu46hr_.js": {"path":"/home/will/Documents/GuitarHub/build/_app/immutable/entry/start.BZu46hr_.js","all":true,"statementMap":{"0":{"start":{"line":1,"column":0},"end":{"line":1,"column":82}}},"s":{"0":0},"branchMap":{"0":{"type":"branch","line":1,"loc":{"start":{"line":1,"column":82},"end":{"line":1,"column":82}},"locations":[{"start":{"line":1,"column":82},"end":{"line":1,"column":82}}]}},"b":{"0":[0]},"fnMap":{"0":{"name":"(empty-report)","decl":{"start":{"line":1,"column":82},"end":{"line":1,"column":82}},"loc":{"start":{"line":1,"column":82},"end":{"line":1,"column":82}},"line":1}},"f":{"0":0}}
,"/home/will/Documents/GuitarHub/build/_app/immutable/nodes/0.Bfb2KcwF.js": {"path":"/home/will/Documents/GuitarHub/build/_app/immutable/nodes/0.Bfb2KcwF.js","all":true,"statementMap":{"0":{"start":{"line":1,"column":0},"end":{"line":1,"column":1493}}},"s":{"0":0},"branchMap":{"0":{"type":"branch","line":1,"loc":{"start":{"line":1,"column":1493},"end":{"line":1,"column":1493}},"locations":[{"start":{"line":1,"column":1493},"end":{"line":1,"column":1493}}]}},"b":{"0":[0]},"fnMap":{"0":{"name":"(empty-report)","decl":{"start":{"line":1,"column":1493},"end":{"line":1,"column":1493}},"loc":{"start":{"line":1,"column":1493},"end":{"line":1,"column":1493}},"line":1}},"f":{"0":0}}
,"/home/will/Documents/GuitarHub/build/_app/immutable/nodes/1.CJitwzfx.js": {"path":"/home/will/Documents/GuitarHub/build/_app/immutable/nodes/1.CJitwzfx.js","all":true,"statementMap":{"0":{"start":{"line":1,"column":0},"end":{"line":1,"column":503}}},"s":{"0":0},"branchMap":{"0":{"type":"branch","line":1,"loc":{"start":{"line":1,"column":503},"end":{"line":1,"column":503}},"locations":[{"start":{"line":1,"column":503},"end":{"line":1,"column":503}}]}},"b":{"0":[0]},"fnMap":{"0":{"name":"(empty-report)","decl":{"start":{"line":1,"column":503},"end":{"line":1,"column":503}},"loc":{"start":{"line":1,"column":503},"end":{"line":1,"column":503}},"line":1}},"f":{"0":0}}
,"/home/will/Documents/GuitarHub/build/_app/immutable/nodes/2.Cm9oD69y.js": {"path":"/home/will/Documents/GuitarHub/build/_app/immutable/nodes/2.Cm9oD69y.js","all":true,"statementMap":{"0":{"start":{"line":1,"column":0},"end":{"line":1,"column":1701}},"1":{"start":{"line":2,"column":0},"end":{"line":2,"column":14974}}},"s":{"0":0,"1":0},"branchMap":{"0":{"type":"branch","line":1,"loc":{"start":{"line":1,"column":16676},"end":{"line":2,"column":14974}},"locations":[{"start":{"line":1,"column":16676},"end":{"line":2,"column":14974}}]}},"b":{"0":[0]},"fnMap":{"0":{"name":"(empty-report)","decl":{"start":{"line":1,"column":16676},"end":{"line":2,"column":14974}},"loc":{"start":{"line":1,"column":16676},"end":{"line":2,"column":14974}},"line":1}},"f":{"0":0}}
,"/home/will/Documents/GuitarHub/build/_app/immutable/nodes/3.DAVmNpPW.js": {"path":"/home/will/Documents/GuitarHub/build/_app/immutable/nodes/3.DAVmNpPW.js","all":true,"statementMap":{"0":{"start":{"line":1,"column":0},"end":{"line":1,"column":3273}},"1":{"start":{"line":2,"column":0},"end":{"line":2,"column":623}}},"s":{"0":0,"1":0},"branchMap":{"0":{"type":"branch","line":1,"loc":{"start":{"line":1,"column":3897},"end":{"line":2,"column":623}},"locations":[{"start":{"line":1,"column":3897},"end":{"line":2,"column":623}}]}},"b":{"0":[0]},"fnMap":{"0":{"name":"(empty-report)","decl":{"start":{"line":1,"column":3897},"end":{"line":2,"column":623}},"loc":{"start":{"line":1,"column":3897},"end":{"line":2,"column":623}},"line":1}},"f":{"0":0}}
,"/home/will/Documents/GuitarHub/build/_app/immutable/nodes/4.BSMT0WFA.js": {"path":"/home/will/Documents/GuitarHub/build/_app/immutable/nodes/4.BSMT0WFA.js","all":true,"statementMap":{"0":{"start":{"line":1,"column":0},"end":{"line":1,"column":351}}},"s":{"0":0},"branchMap":{"0":{"type":"branch","line":1,"loc":{"start":{"line":1,"column":351},"end":{"line":1,"column":351}},"locations":[{"start":{"line":1,"column":351},"end":{"line":1,"column":351}}]}},"b":{"0":[0]},"fnMap":{"0":{"name":"(empty-report)","decl":{"start":{"line":1,"column":351},"end":{"line":1,"column":351}},"loc":{"start":{"line":1,"column":351},"end":{"line":1,"column":351}},"line":1}},"f":{"0":0}}
,"/home/will/Documents/GuitarHub/e2e-tests/wdio.conf.ts": {"path":"/home/will/Documents/GuitarHub/e2e-tests/wdio.conf.ts","all":true,"statementMap":{"1":{"start":{"line":2,"column":0},"end":{"line":2,"column":49}},"2":{"start":{"line":3,"column":0},"end":{"line":3,"column":29}},"3":{"start":{"line":4,"column":0},"end":{"line":4,"column":25}},"4":{"start":{"line":5,"column":0},"end":{"line":5,"column":46}},"6":{"start":{"line":7,"column":0},"end":{"line":7,"column":54}},"7":{"start":{"line":8,"column":0},"end":{"line":8,"column":17}},"9":{"start":{"line":10,"column":0},"end":{"line":10,"column":35}},"10":{"start":{"line":11,"column":0},"end":{"line":11,"column":14}},"11":{"start":{"line":12,"column":0},"end":{"line":12,"column":22}},"12":{"start":{"line":13,"column":0},"end":{"line":13,"column":1}},"14":{"start":{"line":15,"column":0},"end":{"line":15,"column":43}},"15":{"start":{"line":16,"column":0},"end":{"line":16,"column":25}},"16":{"start":{"line":17,"column":0},"end":{"line":17,"column":9}},"17":{"start":{"line":18,"column":0},"end":{"line":18,"column":11}},"18":{"start":{"line":19,"column":0},"end":{"line":19,"column":15}},"19":{"start":{"line":20,"column":0},"end":{"line":20,"column":21}},"20":{"start":{"line":21,"column":0},"end":{"line":21,"column":5}},"21":{"start":{"line":22,"column":0},"end":{"line":22,"column":4}},"22":{"start":{"line":23,"column":0},"end":{"line":23,"column":30}},"23":{"start":{"line":24,"column":0},"end":{"line":24,"column":32}},"24":{"start":{"line":25,"column":0},"end":{"line":25,"column":33}},"25":{"start":{"line":26,"column":0},"end":{"line":26,"column":32}},"26":{"start":{"line":27,"column":0},"end":{"line":27,"column":34}},"27":{"start":{"line":28,"column":0},"end":{"line":28,"column":1}},"29":{"start":{"line":30,"column":0},"end":{"line":30,"column":18}},"30":{"start":{"line":31,"column":0},"end":{"line":31,"column":21}},"31":{"start":{"line":32,"column":0},"end":{"line":32,"column":3}},"33":{"start":{"line":34,"column":0},"end":{"line":34,"column":43}},"34":{"start":{"line":35,"column":0},"end":{"line":35,"column":18}},"35":{"start":{"line":36,"column":0},"end":{"line":36,"column":21}},"36":{"start":{"line":37,"column":0},"end":{"line":37,"column":44}},"37":{"start":{"line":38,"column":0},"end":{"line":38,"column":18}},"38":{"start":{"line":39,"column":0},"end":{"line":39,"column":24}},"39":{"start":{"line":40,"column":0},"end":{"line":40,"column":13}},"40":{"start":{"line":41,"column":0},"end":{"line":41,"column":12}},"41":{"start":{"line":42,"column":0},"end":{"line":42,"column":17}},"42":{"start":{"line":43,"column":0},"end":{"line":43,"column":5}},"43":{"start":{"line":44,"column":0},"end":{"line":44,"column":22}},"44":{"start":{"line":45,"column":0},"end":{"line":45,"column":28}},"45":{"start":{"line":46,"column":0},"end":{"line":46,"column":24}},"46":{"start":{"line":47,"column":0},"end":{"line":47,"column":58}},"47":{"start":{"line":48,"column":0},"end":{"line":48,"column":8}},"48":{"start":{"line":49,"column":0},"end":{"line":49,"column":6}},"49":{"start":{"line":50,"column":0},"end":{"line":50,"column":4}},"50":{"start":{"line":51,"column":0},"end":{"line":51,"column":22}},"51":{"start":{"line":52,"column":0},"end":{"line":52,"column":14}},"52":{"start":{"line":53,"column":0},"end":{"line":53,"column":14}},"53":{"start":{"line":54,"column":0},"end":{"line":54,"column":19}},"54":{"start":{"line":55,"column":0},"end":{"line":55,"column":4}},"56":{"start":{"line":57,"column":0},"end":{"line":57,"column":20}},"57":{"start":{"line":58,"column":0},"end":{"line":58,"column":14}},"58":{"start":{"line":59,"column":0},"end":{"line":59,"column":14}},"59":{"start":{"line":60,"column":0},"end":{"line":60,"column":51}},"60":{"start":{"line":61,"column":0},"end":{"line":61,"column":7}},"61":{"start":{"line":62,"column":0},"end":{"line":62,"column":81}},"62":{"start":{"line":63,"column":0},"end":{"line":63,"column":25}},"63":{"start":{"line":64,"column":0},"end":{"line":64,"column":20}},"64":{"start":{"line":65,"column":0},"end":{"line":65,"column":7}},"65":{"start":{"line":66,"column":0},"end":{"line":66,"column":6}},"66":{"start":{"line":67,"column":0},"end":{"line":67,"column":4}},"68":{"start":{"line":69,"column":0},"end":{"line":69,"column":30}},"69":{"start":{"line":70,"column":0},"end":{"line":70,"column":25}},"71":{"start":{"line":72,"column":0},"end":{"line":72,"column":41}},"72":{"start":{"line":73,"column":0},"end":{"line":73,"column":19}},"73":{"start":{"line":74,"column":0},"end":{"line":74,"column":15}},"74":{"start":{"line":75,"column":0},"end":{"line":75,"column":12}},"75":{"start":{"line":76,"column":0},"end":{"line":76,"column":20}},"76":{"start":{"line":77,"column":0},"end":{"line":77,"column":6}},"78":{"start":{"line":79,"column":0},"end":{"line":79,"column":46}},"79":{"start":{"line":80,"column":0},"end":{"line":80,"column":52}},"80":{"start":{"line":81,"column":0},"end":{"line":81,"column":7}},"82":{"start":{"line":83,"column":0},"end":{"line":83,"column":40}},"83":{"start":{"line":84,"column":0},"end":{"line":84,"column":50}},"84":{"start":{"line":85,"column":0},"end":{"line":85,"column":22}},"85":{"start":{"line":86,"column":0},"end":{"line":86,"column":7}},"87":{"start":{"line":88,"column":0},"end":{"line":88,"column":38}},"88":{"start":{"line":89,"column":0},"end":{"line":89,"column":18}},"89":{"start":{"line":90,"column":0},"end":{"line":90,"column":62}},"90":{"start":{"line":91,"column":0},"end":{"line":91,"column":24}},"91":{"start":{"line":92,"column":0},"end":{"line":92,"column":7}},"92":{"start":{"line":93,"column":0},"end":{"line":93,"column":7}},"93":{"start":{"line":94,"column":0},"end":{"line":94,"column":4}},"95":{"start":{"line":96,"column":0},"end":{"line":96,"column":23}},"96":{"start":{"line":97,"column":0},"end":{"line":97,"column":23}},"97":{"start":{"line":98,"column":0},"end":{"line":98,"column":4}},"98":{"start":{"line":99,"column":0},"end":{"line":99,"column":2}}},"s":{"1":0,"2":0,"3":0,"4":0,"6":0,"7":0,"9":0,"10":0,"11":0,"12":0,"14":0,"15":0,"16":0,"17":0,"18":0,"19":0,"20":0,"21":0,"22":0,"23":0,"24":0,"25":0,"26":0,"27":0,"29":0,"30":0,"31":0,"33":0,"34":0,"35":0,"36":0,"37":0,"38":0,"39":0,"40":0,"41":0,"42":0,"43":0,"44":0,"45":0,"46":0,"47":0,"48":0,"49":0,"50":0,"51":0,"52":0,"53":0,"54":0,"56":0,"57":0,"58":0,"59":0,"60":0,"61":0,"62":0,"63":0,"64":0,"65":0,"66":0,"68":0,"69":0,"71":0,"72":0,"73":0,"74":0,"75":0,"76":0,"78":0,"79":0,"80":0,"82":0,"83":0,"84":0,"85":0,"87":0,"88":0,"89":0,"90":0,"91":0,"92":0,"93":0,"95":0,"96":0,"97":0,"98":0},"branchMap":{"0":{"type":"branch","line":1,"loc":{"start":{"line":1,"column":2061},"end":{"line":99,"column":2}},"locations":[{"start":{"line":1,"column":2061},"end":{"line":99,"column":2}}]}},"b":{"0":[1]},"fnMap":{"0":{"name":"(empty-report)","decl":{"start":{"line":1,"column":2061},"end":{"line":99,"column":2}},"loc":{"start":{"line":1,"column":2061},"end":{"line":99,"column":2}},"line":1}},"f":{"0":1}}
,"/home/will/Documents/GuitarHub/e2e-tests/utils/seedDb.ts": {"path":"/home/will/Documents/GuitarHub/e2e-tests/utils/seedDb.ts","all":true,"statementMap":{"0":{"start":{"line":1,"column":0},"end":{"line":1,"column":25}},"1":{"start":{"line":2,"column":0},"end":{"line":2,"column":29}},"3":{"start":{"line":4,"column":0},"end":{"line":4,"column":65}},"5":{"start":{"line":6,"column":0},"end":{"line":6,"column":37}},"6":{"start":{"line":7,"column":0},"end":{"line":7,"column":68}},"7":{"start":{"line":8,"column":0},"end":{"line":8,"column":67}},"8":{"start":{"line":9,"column":0},"end":{"line":9,"column":1}},"10":{"start":{"line":11,"column":0},"end":{"line":11,"column":53}},"11":{"start":{"line":12,"column":0},"end":{"line":12,"column":37}},"12":{"start":{"line":13,"column":0},"end":{"line":13,"column":53}},"13":{"start":{"line":14,"column":0},"end":{"line":14,"column":11}},"14":{"start":{"line":15,"column":0},"end":{"line":15,"column":3}},"16":{"start":{"line":17,"column":0},"end":{"line":17,"column":73}},"17":{"start":{"line":18,"column":0},"end":{"line":18,"column":45}},"19":{"start":{"line":20,"column":0},"end":{"line":20,"column":47}},"20":{"start":{"line":21,"column":0},"end":{"line":21,"column":44}},"21":{"start":{"line":22,"column":0},"end":{"line":22,"column":1}}},"s":{"0":0,"1":0,"3":0,"5":0,"6":0,"7":0,"8":0,"10":0,"11":0,"12":0,"13":0,"14":0,"16":0,"17":0,"19":0,"20":0,"21":0},"branchMap":{"0":{"type":"branch","line":1,"loc":{"start":{"line":1,"column":680},"end":{"line":22,"column":1}},"locations":[{"start":{"line":1,"column":680},"end":{"line":22,"column":1}}]}},"b":{"0":[0]},"fnMap":{"0":{"name":"(empty-report)","decl":{"start":{"line":1,"column":680},"end":{"line":22,"column":1}},"loc":{"start":{"line":1,"column":680},"end":{"line":22,"column":1}},"line":1}},"f":{"0":0}}
,"/home/will/Documents/GuitarHub/e2e-tests/utils/selectors.ts": {"path":"/home/will/Documents/GuitarHub/e2e-tests/utils/selectors.ts","all":true,"statementMap":{"0":{"start":{"line":1,"column":0},"end":{"line":1,"column":26}},"1":{"start":{"line":2,"column":0},"end":{"line":2,"column":46}},"2":{"start":{"line":3,"column":0},"end":{"line":3,"column":48}},"3":{"start":{"line":4,"column":0},"end":{"line":4,"column":31}},"4":{"start":{"line":5,"column":0},"end":{"line":5,"column":44}},"5":{"start":{"line":6,"column":0},"end":{"line":6,"column":23}},"6":{"start":{"line":7,"column":0},"end":{"line":7,"column":52}},"7":{"start":{"line":8,"column":0},"end":{"line":8,"column":58}},"8":{"start":{"line":9,"column":0},"end":{"line":9,"column":37}},"9":{"start":{"line":10,"column":0},"end":{"line":10,"column":48}},"10":{"start":{"line":11,"column":0},"end":{"line":11,"column":31}},"11":{"start":{"line":12,"column":0},"end":{"line":12,"column":2}}},"s":{"0":0,"1":0,"2":0,"3":0,"4":0,"5":0,"6":0,"7":0,"8":0,"9":0,"10":0,"11":0},"branchMap":{"0":{"type":"branch","line":1,"loc":{"start":{"line":1,"column":457},"end":{"line":12,"column":2}},"locations":[{"start":{"line":1,"column":457},"end":{"line":12,"column":2}}]}},"b":{"0":[0]},"fnMap":{"0":{"name":"(empty-report)","decl":{"start":{"line":1,"column":457},"end":{"line":12,"column":2}},"loc":{"start":{"line":1,"column":457},"end":{"line":12,"column":2}},"line":1}},"f":{"0":0}}
,"/home/will/Documents/GuitarHub/src-tauri/target/debug/build/guitarhub-0dbd0dd62e0e4215/out/__global-api-script.js": {"path":"/home/will/Documents/GuitarHub/src-tauri/target/debug/build/guitarhub-0dbd0dd62e0e4215/out/__global-api-script.js","all":true,"statementMap":{"0":{"start":{"line":1,"column":0},"end":{"line":1,"column":105}}},"s":{"0":0},"branchMap":{"0":{"type":"branch","line":1,"loc":{"start":{"line":1,"column":0},"end":{"line":1,"column":105}},"locations":[{"start":{"line":1,"column":0},"end":{"line":1,"column":105}}]}},"b":{"0":[0]},"fnMap":{"0":{"name":"(empty-report)","decl":{"start":{"line":1,"column":0},"end":{"line":1,"column":105}},"loc":{"start":{"line":1,"column":0},"end":{"line":1,"column":105}},"line":1}},"f":{"0":0}}
,"/home/will/Documents/GuitarHub/src-tauri/target/debug/build/guitarhub-22e45883cd726426/out/__global-api-script.js": {"path":"/home/will/Documents/GuitarHub/src-tauri/target/debug/build/guitarhub-22e45883cd726426/out/__global-api-script.js","all":true,"statementMap":{"0":{"start":{"line":1,"column":0},"end":{"line":1,"column":425}}},"s":{"0":0},"branchMap":{"0":{"type":"branch","line":1,"loc":{"start":{"line":1,"column":0},"end":{"line":1,"column":425}},"locations":[{"start":{"line":1,"column":0},"end":{"line":1,"column":425}}]}},"b":{"0":[0]},"fnMap":{"0":{"name":"(empty-report)","decl":{"start":{"line":1,"column":0},"end":{"line":1,"column":425}},"loc":{"start":{"line":1,"column":0},"end":{"line":1,"column":425}},"line":1}},"f":{"0":0}}
,"/home/will/Documents/GuitarHub/src-tauri/target/debug/build/guitarhub-26fd67474f31a475/out/__global-api-script.js": {"path":"/home/will/Documents/GuitarHub/src-tauri/target/debug/build/guitarhub-26fd67474f31a475/out/__global-api-script.js","all":true,"statementMap":{"0":{"start":{"line":1,"column":0},"end":{"line":1,"column":209}}},"s":{"0":0},"branchMap":{"0":{"type":"branch","line":1,"loc":{"start":{"line":1,"column":0},"end":{"line":1,"column":209}},"locations":[{"start":{"line":1,"column":0},"end":{"line":1,"column":209}}]}},"b":{"0":[0]},"fnMap":{"0":{"name":"(empty-report)","decl":{"start":{"line":1,"column":0},"end":{"line":1,"column":209}},"loc":{"start":{"line":1,"column":0},"end":{"line":1,"column":209}},"line":1}},"f":{"0":0}}
,"/home/will/Documents/GuitarHub/src-tauri/target/debug/build/guitarhub-2f27d89916bc24ca/out/__global-api-script.js": {"path":"/home/will/Documents/GuitarHub/src-tauri/target/debug/build/guitarhub-2f27d89916bc24ca/out/__global-api-script.js","all":true,"statementMap":{"0":{"start":{"line":1,"column":0},"end":{"line":1,"column":209}}},"s":{"0":0},"branchMap":{"0":{"type":"branch","line":1,"loc":{"start":{"line":1,"column":0},"end":{"line":1,"column":209}},"locations":[{"start":{"line":1,"column":0},"end":{"line":1,"column":209}}]}},"b":{"0":[0]},"fnMap":{"0":{"name":"(empty-report)","decl":{"start":{"line":1,"column":0},"end":{"line":1,"column":209}},"loc":{"start":{"line":1,"column":0},"end":{"line":1,"column":209}},"line":1}},"f":{"0":0}}
,"/home/will/Documents/GuitarHub/src-tauri/target/debug/build/guitarhub-3e5e43bcbc53095d/out/__global-api-script.js": {"path":"/home/will/Documents/GuitarHub/src-tauri/target/debug/build/guitarhub-3e5e43bcbc53095d/out/__global-api-script.js","all":true,"statementMap":{"0":{"start":{"line":1,"column":0},"end":{"line":1,"column":209}}},"s":{"0":0},"branchMap":{"0":{"type":"branch","line":1,"loc":{"start":{"line":1,"column":0},"end":{"line":1,"column":209}},"locations":[{"start":{"line":1,"column":0},"end":{"line":1,"column":209}}]}},"b":{"0":[0]},"fnMap":{"0":{"name":"(empty-report)","decl":{"start":{"line":1,"column":0},"end":{"line":1,"column":209}},"loc":{"start":{"line":1,"column":0},"end":{"line":1,"column":209}},"line":1}},"f":{"0":0}}
,"/home/will/Documents/GuitarHub/src-tauri/target/debug/build/guitarhub-436a218e97c2ce28/out/__global-api-script.js": {"path":"/home/will/Documents/GuitarHub/src-tauri/target/debug/build/guitarhub-436a218e97c2ce28/out/__global-api-script.js","all":true,"statementMap":{"0":{"start":{"line":1,"column":0},"end":{"line":1,"column":105}}},"s":{"0":0},"branchMap":{"0":{"type":"branch","line":1,"loc":{"start":{"line":1,"column":0},"end":{"line":1,"column":105}},"locations":[{"start":{"line":1,"column":0},"end":{"line":1,"column":105}}]}},"b":{"0":[0]},"fnMap":{"0":{"name":"(empty-report)","decl":{"start":{"line":1,"column":0},"end":{"line":1,"column":105}},"loc":{"start":{"line":1,"column":0},"end":{"line":1,"column":105}},"line":1}},"f":{"0":0}}
,"/home/will/Documents/GuitarHub/src-tauri/target/debug/build/guitarhub-5b7e1f56f87d8512/out/__global-api-script.js": {"path":"/home/will/Documents/GuitarHub/src-tauri/target/debug/build/guitarhub-5b7e1f56f87d8512/out/__global-api-script.js","all":true,"statementMap":{"0":{"start":{"line":1,"column":0},"end":{"line":1,"column":425}}},"s":{"0":0},"branchMap":{"0":{"type":"branch","line":1,"loc":{"start":{"line":1,"column":0},"end":{"line":1,"column":425}},"locations":[{"start":{"line":1,"column":0},"end":{"line":1,"column":425}}]}},"b":{"0":[0]},"fnMap":{"0":{"name":"(empty-report)","decl":{"start":{"line":1,"column":0},"end":{"line":1,"column":425}},"loc":{"start":{"line":1,"column":0},"end":{"line":1,"column":425}},"line":1}},"f":{"0":0}}
,"/home/will/Documents/GuitarHub/src-tauri/target/debug/build/guitarhub-5e73f2f9b000dc24/out/__global-api-script.js": {"path":"/home/will/Documents/GuitarHub/src-tauri/target/debug/build/guitarhub-5e73f2f9b000dc24/out/__global-api-script.js","all":true,"statementMap":{"0":{"start":{"line":1,"column":0},"end":{"line":1,"column":319}}},"s":{"0":0},"branchMap":{"0":{"type":"branch","line":1,"loc":{"start":{"line":1,"column":0},"end":{"line":1,"column":319}},"locations":[{"start":{"line":1,"column":0},"end":{"line":1,"column":319}}]}},"b":{"0":[0]},"fnMap":{"0":{"name":"(empty-report)","decl":{"start":{"line":1,"column":0},"end":{"line":1,"column":319}},"loc":{"start":{"line":1,"column":0},"end":{"line":1,"column":319}},"line":1}},"f":{"0":0}}
,"/home/will/Documents/GuitarHub/src-tauri/target/debug/build/guitarhub-6598b7749e39660d/out/__global-api-script.js": {"path":"/home/will/Documents/GuitarHub/src-tauri/target/debug/build/guitarhub-6598b7749e39660d/out/__global-api-script.js","all":true,"statementMap":{"0":{"start":{"line":1,"column":0},"end":{"line":1,"column":425}}},"s":{"0":0},"branchMap":{"0":{"type":"branch","line":1,"loc":{"start":{"line":1,"column":0},"end":{"line":1,"column":425}},"locations":[{"start":{"line":1,"column":0},"end":{"line":1,"column":425}}]}},"b":{"0":[0]},"fnMap":{"0":{"name":"(empty-report)","decl":{"start":{"line":1,"column":0},"end":{"line":1,"column":425}},"loc":{"start":{"line":1,"column":0},"end":{"line":1,"column":425}},"line":1}},"f":{"0":0}}
,"/home/will/Documents/GuitarHub/src-tauri/target/debug/build/guitarhub-882e8a1dc71527b2/out/__global-api-script.js": {"path":"/home/will/Documents/GuitarHub/src-tauri/target/debug/build/guitarhub-882e8a1dc71527b2/out/__global-api-script.js","all":true,"statementMap":{"0":{"start":{"line":1,"column":0},"end":{"line":1,"column":425}}},"s":{"0":0},"branchMap":{"0":{"type":"branch","line":1,"loc":{"start":{"line":1,"column":0},"end":{"line":1,"column":425}},"locations":[{"start":{"line":1,"column":0},"end":{"line":1,"column":425}}]}},"b":{"0":[0]},"fnMap":{"0":{"name":"(empty-report)","decl":{"start":{"line":1,"column":0},"end":{"line":1,"column":425}},"loc":{"start":{"line":1,"column":0},"end":{"line":1,"column":425}},"line":1}},"f":{"0":0}}
,"/home/will/Documents/GuitarHub/src-tauri/target/debug/build/guitarhub-93db3a053d11388b/out/__global-api-script.js": {"path":"/home/will/Documents/GuitarHub/src-tauri/target/debug/build/guitarhub-93db3a053d11388b/out/__global-api-script.js","all":true,"statementMap":{"0":{"start":{"line":1,"column":0},"end":{"line":1,"column":425}}},"s":{"0":0},"branchMap":{"0":{"type":"branch","line":1,"loc":{"start":{"line":1,"column":0},"end":{"line":1,"column":425}},"locations":[{"start":{"line":1,"column":0},"end":{"line":1,"column":425}}]}},"b":{"0":[0]},"fnMap":{"0":{"name":"(empty-report)","decl":{"start":{"line":1,"column":0},"end":{"line":1,"column":425}},"loc":{"start":{"line":1,"column":0},"end":{"line":1,"column":425}},"line":1}},"f":{"0":0}}
,"/home/will/Documents/GuitarHub/src-tauri/target/debug/build/guitarhub-9bed196fb9ca17bd/out/__global-api-script.js": {"path":"/home/will/Documents/GuitarHub/src-tauri/target/debug/build/guitarhub-9bed196fb9ca17bd/out/__global-api-script.js","all":true,"statementMap":{"0":{"start":{"line":1,"column":0},"end":{"line":1,"column":319}}},"s":{"0":0},"branchMap":{"0":{"type":"branch","line":1,"loc":{"start":{"line":1,"column":0},"end":{"line":1,"column":319}},"locations":[{"start":{"line":1,"column":0},"end":{"line":1,"column":319}}]}},"b":{"0":[0]},"fnMap":{"0":{"name":"(empty-report)","decl":{"start":{"line":1,"column":0},"end":{"line":1,"column":319}},"loc":{"start":{"line":1,"column":0},"end":{"line":1,"column":319}},"line":1}},"f":{"0":0}}
,"/home/will/Documents/GuitarHub/src-tauri/target/debug/build/guitarhub-a536a9a8b3ff16e2/out/__global-api-script.js": {"path":"/home/will/Documents/GuitarHub/src-tauri/target/debug/build/guitarhub-a536a9a8b3ff16e2/out/__global-api-script.js","all":true,"statementMap":{"0":{"start":{"line":1,"column":0},"end":{"line":1,"column":209}}},"s":{"0":0},"branchMap":{"0":{"type":"branch","line":1,"loc":{"start":{"line":1,"column":0},"end":{"line":1,"column":209}},"locations":[{"start":{"line":1,"column":0},"end":{"line":1,"column":209}}]}},"b":{"0":[0]},"fnMap":{"0":{"name":"(empty-report)","decl":{"start":{"line":1,"column":0},"end":{"line":1,"column":209}},"loc":{"start":{"line":1,"column":0},"end":{"line":1,"column":209}},"line":1}},"f":{"0":0}}
,"/home/will/Documents/GuitarHub/src-tauri/target/debug/build/guitarhub-a5a6a135859d53c8/out/__global-api-script.js": {"path":"/home/will/Documents/GuitarHub/src-tauri/target/debug/build/guitarhub-a5a6a135859d53c8/out/__global-api-script.js","all":true,"statementMap":{"0":{"start":{"line":1,"column":0},"end":{"line":1,"column":209}}},"s":{"0":0},"branchMap":{"0":{"type":"branch","line":1,"loc":{"start":{"line":1,"column":0},"end":{"line":1,"column":209}},"locations":[{"start":{"line":1,"column":0},"end":{"line":1,"column":209}}]}},"b":{"0":[0]},"fnMap":{"0":{"name":"(empty-report)","decl":{"start":{"line":1,"column":0},"end":{"line":1,"column":209}},"loc":{"start":{"line":1,"column":0},"end":{"line":1,"column":209}},"line":1}},"f":{"0":0}}
,"/home/will/Documents/GuitarHub/src-tauri/target/debug/build/guitarhub-af623cd29348cb88/out/__global-api-script.js": {"path":"/home/will/Documents/GuitarHub/src-tauri/target/debug/build/guitarhub-af623cd29348cb88/out/__global-api-script.js","all":true,"statementMap":{"0":{"start":{"line":1,"column":0},"end":{"line":1,"column":425}}},"s":{"0":0},"branchMap":{"0":{"type":"branch","line":1,"loc":{"start":{"line":1,"column":0},"end":{"line":1,"column":425}},"locations":[{"start":{"line":1,"column":0},"end":{"line":1,"column":425}}]}},"b":{"0":[0]},"fnMap":{"0":{"name":"(empty-report)","decl":{"start":{"line":1,"column":0},"end":{"line":1,"column":425}},"loc":{"start":{"line":1,"column":0},"end":{"line":1,"column":425}},"line":1}},"f":{"0":0}}
,"/home/will/Documents/GuitarHub/src-tauri/target/debug/build/guitarhub-b007583960f368dd/out/__global-api-script.js": {"path":"/home/will/Documents/GuitarHub/src-tauri/target/debug/build/guitarhub-b007583960f368dd/out/__global-api-script.js","all":true,"statementMap":{"0":{"start":{"line":1,"column":0},"end":{"line":1,"column":319}}},"s":{"0":0},"branchMap":{"0":{"type":"branch","line":1,"loc":{"start":{"line":1,"column":0},"end":{"line":1,"column":319}},"locations":[{"start":{"line":1,"column":0},"end":{"line":1,"column":319}}]}},"b":{"0":[0]},"fnMap":{"0":{"name":"(empty-report)","decl":{"start":{"line":1,"column":0},"end":{"line":1,"column":319}},"loc":{"start":{"line":1,"column":0},"end":{"line":1,"column":319}},"line":1}},"f":{"0":0}}
,"/home/will/Documents/GuitarHub/src-tauri/target/debug/build/guitarhub-b7a42d509de9b426/out/__global-api-script.js": {"path":"/home/will/Documents/GuitarHub/src-tauri/target/debug/build/guitarhub-b7a42d509de9b426/out/__global-api-script.js","all":true,"statementMap":{"0":{"start":{"line":1,"column":0},"end":{"line":1,"column":319}}},"s":{"0":0},"branchMap":{"0":{"type":"branch","line":1,"loc":{"start":{"line":1,"column":0},"end":{"line":1,"column":319}},"locations":[{"start":{"line":1,"column":0},"end":{"line":1,"column":319}}]}},"b":{"0":[0]},"fnMap":{"0":{"name":"(empty-report)","decl":{"start":{"line":1,"column":0},"end":{"line":1,"column":319}},"loc":{"start":{"line":1,"column":0},"end":{"line":1,"column":319}},"line":1}},"f":{"0":0}}
,"/home/will/Documents/GuitarHub/src-tauri/target/debug/build/guitarhub-c7332bd4e9a064d8/out/__global-api-script.js": {"path":"/home/will/Documents/GuitarHub/src-tauri/target/debug/build/guitarhub-c7332bd4e9a064d8/out/__global-api-script.js","all":true,"statementMap":{"0":{"start":{"line":1,"column":0},"end":{"line":1,"column":319}}},"s":{"0":0},"branchMap":{"0":{"type":"branch","line":1,"loc":{"start":{"line":1,"column":0},"end":{"line":1,"column":319}},"locations":[{"start":{"line":1,"column":0},"end":{"line":1,"column":319}}]}},"b":{"0":[0]},"fnMap":{"0":{"name":"(empty-report)","decl":{"start":{"line":1,"column":0},"end":{"line":1,"column":319}},"loc":{"start":{"line":1,"column":0},"end":{"line":1,"column":319}},"line":1}},"f":{"0":0}}
,"/home/will/Documents/GuitarHub/src-tauri/target/debug/build/guitarhub-cace8a5bc324d8de/out/__global-api-script.js": {"path":"/home/will/Documents/GuitarHub/src-tauri/target/debug/build/guitarhub-cace8a5bc324d8de/out/__global-api-script.js","all":true,"statementMap":{"0":{"start":{"line":1,"column":0},"end":{"line":1,"column":425}}},"s":{"0":0},"branchMap":{"0":{"type":"branch","line":1,"loc":{"start":{"line":1,"column":0},"end":{"line":1,"column":425}},"locations":[{"start":{"line":1,"column":0},"end":{"line":1,"column":425}}]}},"b":{"0":[0]},"fnMap":{"0":{"name":"(empty-report)","decl":{"start":{"line":1,"column":0},"end":{"line":1,"column":425}},"loc":{"start":{"line":1,"column":0},"end":{"line":1,"column":425}},"line":1}},"f":{"0":0}}
,"/home/will/Documents/GuitarHub/src-tauri/target/debug/build/guitarhub-d57a5d403e6e1583/out/__global-api-script.js": {"path":"/home/will/Documents/GuitarHub/src-tauri/target/debug/build/guitarhub-d57a5d403e6e1583/out/__global-api-script.js","all":true,"statementMap":{"0":{"start":{"line":1,"column":0},"end":{"line":1,"column":425}}},"s":{"0":0},"branchMap":{"0":{"type":"branch","line":1,"loc":{"start":{"line":1,"column":0},"end":{"line":1,"column":425}},"locations":[{"start":{"line":1,"column":0},"end":{"line":1,"column":425}}]}},"b":{"0":[0]},"fnMap":{"0":{"name":"(empty-report)","decl":{"start":{"line":1,"column":0},"end":{"line":1,"column":425}},"loc":{"start":{"line":1,"column":0},"end":{"line":1,"column":425}},"line":1}},"f":{"0":0}}
,"/home/will/Documents/GuitarHub/src-tauri/target/debug/build/guitarhub-e4648b984fcc3a4a/out/__global-api-script.js": {"path":"/home/will/Documents/GuitarHub/src-tauri/target/debug/build/guitarhub-e4648b984fcc3a4a/out/__global-api-script.js","all":true,"statementMap":{"0":{"start":{"line":1,"column":0},"end":{"line":1,"column":105}}},"s":{"0":0},"branchMap":{"0":{"type":"branch","line":1,"loc":{"start":{"line":1,"column":0},"end":{"line":1,"column":105}},"locations":[{"start":{"line":1,"column":0},"end":{"line":1,"column":105}}]}},"b":{"0":[0]},"fnMap":{"0":{"name":"(empty-report)","decl":{"start":{"line":1,"column":0},"end":{"line":1,"column":105}},"loc":{"start":{"line":1,"column":0},"end":{"line":1,"column":105}},"line":1}},"f":{"0":0}}
,"/home/will/Documents/GuitarHub/src-tauri/target/debug/build/guitarhub-eab15966e3af953b/out/__global-api-script.js": {"path":"/home/will/Documents/GuitarHub/src-tauri/target/debug/build/guitarhub-eab15966e3af953b/out/__global-api-script.js","all":true,"statementMap":{"0":{"start":{"line":1,"column":0},"end":{"line":1,"column":209}}},"s":{"0":0},"branchMap":{"0":{"type":"branch","line":1,"loc":{"start":{"line":1,"column":0},"end":{"line":1,"column":209}},"locations":[{"start":{"line":1,"column":0},"end":{"line":1,"column":209}}]}},"b":{"0":[0]},"fnMap":{"0":{"name":"(empty-report)","decl":{"start":{"line":1,"column":0},"end":{"line":1,"column":209}},"loc":{"start":{"line":1,"column":0},"end":{"line":1,"column":209}},"line":1}},"f":{"0":0}}
,"/home/will/Documents/GuitarHub/src-tauri/target/debug/build/guitarhub-f3ce0f2314f2c779/out/__global-api-script.js": {"path":"/home/will/Documents/GuitarHub/src-tauri/target/debug/build/guitarhub-f3ce0f2314f2c779/out/__global-api-script.js","all":true,"statementMap":{"0":{"start":{"line":1,"column":0},"end":{"line":1,"column":425}}},"s":{"0":0},"branchMap":{"0":{"type":"branch","line":1,"loc":{"start":{"line":1,"column":0},"end":{"line":1,"column":425}},"locations":[{"start":{"line":1,"column":0},"end":{"line":1,"column":425}}]}},"b":{"0":[0]},"fnMap":{"0":{"name":"(empty-report)","decl":{"start":{"line":1,"column":0},"end":{"line":1,"column":425}},"loc":{"start":{"line":1,"column":0},"end":{"line":1,"column":425}},"line":1}},"f":{"0":0}}
,"/home/will/Documents/GuitarHub/src-tauri/target/debug/build/guitarhub-ffffa2563037b8b1/out/__global-api-script.js": {"path":"/home/will/Documents/GuitarHub/src-tauri/target/debug/build/guitarhub-ffffa2563037b8b1/out/__global-api-script.js","all":true,"statementMap":{"0":{"start":{"line":1,"column":0},"end":{"line":1,"column":105}}},"s":{"0":0},"branchMap":{"0":{"type":"branch","line":1,"loc":{"start":{"line":1,"column":0},"end":{"line":1,"column":105}},"locations":[{"start":{"line":1,"column":0},"end":{"line":1,"column":105}}]}},"b":{"0":[0]},"fnMap":{"0":{"name":"(empty-report)","decl":{"start":{"line":1,"column":0},"end":{"line":1,"column":105}},"loc":{"start":{"line":1,"column":0},"end":{"line":1,"column":105}},"line":1}},"f":{"0":0}}
,"/home/will/Documents/GuitarHub/src-tauri/target/release/build/guitarhub-2973c90e50ce1e35/out/__global-api-script.js": {"path":"/home/will/Documents/GuitarHub/src-tauri/target/release/build/guitarhub-2973c90e50ce1e35/out/__global-api-script.js","all":true,"statementMap":{"0":{"start":{"line":1,"column":0},"end":{"line":1,"column":319}}},"s":{"0":0},"branchMap":{"0":{"type":"branch","line":1,"loc":{"start":{"line":1,"column":0},"end":{"line":1,"column":319}},"locations":[{"start":{"line":1,"column":0},"end":{"line":1,"column":319}}]}},"b":{"0":[0]},"fnMap":{"0":{"name":"(empty-report)","decl":{"start":{"line":1,"column":0},"end":{"line":1,"column":319}},"loc":{"start":{"line":1,"column":0},"end":{"line":1,"column":319}},"line":1}},"f":{"0":0}}
,"/home/will/Documents/GuitarHub/src-tauri/target/release/build/guitarhub-2973c90e50ce1e35/out/tauri-codegen-assets/07b6e7b30ae88d687aa811c6b3046d42d6f0eb6e3ff41fada5c2d1e6dbf46d24.js": {"path":"/home/will/Documents/GuitarHub/src-tauri/target/release/build/guitarhub-2973c90e50ce1e35/out/tauri-codegen-assets/07b6e7b30ae88d687aa811c6b3046d42d6f0eb6e3ff41fada5c2d1e6dbf46d24.js","all":true,"statementMap":{"0":{"start":{"line":1,"column":0},"end":{"line":1,"column":633}}},"s":{"0":0},"branchMap":{"0":{"type":"branch","line":1,"loc":{"start":{"line":1,"column":633},"end":{"line":1,"column":633}},"locations":[{"start":{"line":1,"column":633},"end":{"line":1,"column":633}}]}},"b":{"0":[0]},"fnMap":{"0":{"name":"(empty-report)","decl":{"start":{"line":1,"column":633},"end":{"line":1,"column":633}},"loc":{"start":{"line":1,"column":633},"end":{"line":1,"column":633}},"line":1}},"f":{"0":0}}
,"/home/will/Documents/GuitarHub/src-tauri/target/release/build/guitarhub-2973c90e50ce1e35/out/tauri-codegen-assets/0b28512be8c1af7dbc1df722628cd05ed573ffb802e518b1974a4ed68a048778.js": {"path":"/home/will/Documents/GuitarHub/src-tauri/target/release/build/guitarhub-2973c90e50ce1e35/out/tauri-codegen-assets/0b28512be8c1af7dbc1df722628cd05ed573ffb802e518b1974a4ed68a048778.js","all":true,"statementMap":{"0":{"start":{"line":1,"column":0},"end":{"line":1,"column":1265}}},"s":{"0":0},"branchMap":{"0":{"type":"branch","line":1,"loc":{"start":{"line":1,"column":1265},"end":{"line":1,"column":1265}},"locations":[{"start":{"line":1,"column":1265},"end":{"line":1,"column":1265}}]}},"b":{"0":[0]},"fnMap":{"0":{"name":"(empty-report)","decl":{"start":{"line":1,"column":1265},"end":{"line":1,"column":1265}},"loc":{"start":{"line":1,"column":1265},"end":{"line":1,"column":1265}},"line":1}},"f":{"0":0}}
,"/home/will/Documents/GuitarHub/src-tauri/target/release/build/guitarhub-2973c90e50ce1e35/out/tauri-codegen-assets/0b367e7333a5a7197b693237f2586bf8276fc484a123bbed928ab22250169950.js": {"path":"/home/will/Documents/GuitarHub/src-tauri/target/release/build/guitarhub-2973c90e50ce1e35/out/tauri-codegen-assets/0b367e7333a5a7197b693237f2586bf8276fc484a123bbed928ab22250169950.js","all":true,"statementMap":{"0":{"start":{"line":1,"column":0},"end":{"line":1,"column":57}},"1":{"start":{"line":2,"column":0},"end":{"line":2,"column":625}}},"s":{"0":0,"1":0},"branchMap":{"0":{"type":"branch","line":1,"loc":{"start":{"line":1,"column":683},"end":{"line":2,"column":625}},"locations":[{"start":{"line":1,"column":683},"end":{"line":2,"column":625}}]}},"b":{"0":[0]},"fnMap":{"0":{"name":"(empty-report)","decl":{"start":{"line":1,"column":683},"end":{"line":2,"column":625}},"loc":{"start":{"line":1,"column":683},"end":{"line":2,"column":625}},"line":1}},"f":{"0":0}}
,"/home/will/Documents/GuitarHub/src-tauri/target/release/build/guitarhub-2973c90e50ce1e35/out/tauri-codegen-assets/0bbbc4a2762029d549da8196d3fb4942493bd41ac8f550f86aeb725cdc7a54d0.js": {"path":"/home/will/Documents/GuitarHub/src-tauri/target/release/build/guitarhub-2973c90e50ce1e35/out/tauri-codegen-assets/0bbbc4a2762029d549da8196d3fb4942493bd41ac8f550f86aeb725cdc7a54d0.js","all":true,"statementMap":{"0":{"start":{"line":1,"column":0},"end":{"line":1,"column":5521}}},"s":{"0":0},"branchMap":{"0":{"type":"branch","line":1,"loc":{"start":{"line":1,"column":5521},"end":{"line":1,"column":5521}},"locations":[{"start":{"line":1,"column":5521},"end":{"line":1,"column":5521}}]}},"b":{"0":[0]},"fnMap":{"0":{"name":"(empty-report)","decl":{"start":{"line":1,"column":5521},"end":{"line":1,"column":5521}},"loc":{"start":{"line":1,"column":5521},"end":{"line":1,"column":5521}},"line":1}},"f":{"0":0}}
,"/home/will/Documents/GuitarHub/src-tauri/target/release/build/guitarhub-2973c90e50ce1e35/out/tauri-codegen-assets/0f160aaa79fdc49e1c3cfe64e7cc81b1cc18cac2617707a5fbb0a946ac77b5ac.js": {"path":"/home/will/Documents/GuitarHub/src-tauri/target/release/build/guitarhub-2973c90e50ce1e35/out/tauri-codegen-assets/0f160aaa79fdc49e1c3cfe64e7cc81b1cc18cac2617707a5fbb0a946ac77b5ac.js","all":true,"statementMap":{"0":{"start":{"line":1,"column":0},"end":{"line":1,"column":503}}},"s":{"0":0},"branchMap":{"0":{"type":"branch","line":1,"loc":{"start":{"line":1,"column":503},"end":{"line":1,"column":503}},"locations":[{"start":{"line":1,"column":503},"end":{"line":1,"column":503}}]}},"b":{"0":[0]},"fnMap":{"0":{"name":"(empty-report)","decl":{"start":{"line":1,"column":503},"end":{"line":1,"column":503}},"loc":{"start":{"line":1,"column":503},"end":{"line":1,"column":503}},"line":1}},"f":{"0":0}}
,"/home/will/Documents/GuitarHub/src-tauri/target/release/build/guitarhub-2973c90e50ce1e35/out/tauri-codegen-assets/190f5e07a70947888743270b900095dccc657230bcd28e757cbff6c7f2b8386a.js": {"path":"/home/will/Documents/GuitarHub/src-tauri/target/release/build/guitarhub-2973c90e50ce1e35/out/tauri-codegen-assets/190f5e07a70947888743270b900095dccc657230bcd28e757cbff6c7f2b8386a.js","all":true,"statementMap":{"0":{"start":{"line":1,"column":0},"end":{"line":1,"column":680}},"1":{"start":{"line":2,"column":0},"end":{"line":2,"column":5289}}},"s":{"0":0,"1":0},"branchMap":{"0":{"type":"branch","line":1,"loc":{"start":{"line":1,"column":5970},"end":{"line":2,"column":5289}},"locations":[{"start":{"line":1,"column":5970},"end":{"line":2,"column":5289}}]}},"b":{"0":[0]},"fnMap":{"0":{"name":"(empty-report)","decl":{"start":{"line":1,"column":5970},"end":{"line":2,"column":5289}},"loc":{"start":{"line":1,"column":5970},"end":{"line":2,"column":5289}},"line":1}},"f":{"0":0}}
,"/home/will/Documents/GuitarHub/src-tauri/target/release/build/guitarhub-2973c90e50ce1e35/out/tauri-codegen-assets/2394c55e8bab51f85444cb2bf11eb4357631f846b83fcab541a8d07bdd7b710d.js": {"path":"/home/will/Documents/GuitarHub/src-tauri/target/release/build/guitarhub-2973c90e50ce1e35/out/tauri-codegen-assets/2394c55e8bab51f85444cb2bf11eb4357631f846b83fcab541a8d07bdd7b710d.js","all":true,"statementMap":{"0":{"start":{"line":1,"column":0},"end":{"line":1,"column":109}},"1":{"start":{"line":2,"column":0},"end":{"line":2,"column":6079}}},"s":{"0":0,"1":0},"branchMap":{"0":{"type":"branch","line":1,"loc":{"start":{"line":1,"column":6189},"end":{"line":2,"column":6079}},"locations":[{"start":{"line":1,"column":6189},"end":{"line":2,"column":6079}}]}},"b":{"0":[0]},"fnMap":{"0":{"name":"(empty-report)","decl":{"start":{"line":1,"column":6189},"end":{"line":2,"column":6079}},"loc":{"start":{"line":1,"column":6189},"end":{"line":2,"column":6079}},"line":1}},"f":{"0":0}}
,"/home/will/Documents/GuitarHub/src-tauri/target/release/build/guitarhub-2973c90e50ce1e35/out/tauri-codegen-assets/3611cfa20faef6f13dffded14a561eeeeb9e639d4d15dbba95924d9863902eec.js": {"path":"/home/will/Documents/GuitarHub/src-tauri/target/release/build/guitarhub-2973c90e50ce1e35/out/tauri-codegen-assets/3611cfa20faef6f13dffded14a561eeeeb9e639d4d15dbba95924d9863902eec.js","all":true,"statementMap":{"0":{"start":{"line":1,"column":0},"end":{"line":1,"column":242}}},"s":{"0":0},"branchMap":{"0":{"type":"branch","line":1,"loc":{"start":{"line":1,"column":242},"end":{"line":1,"column":242}},"locations":[{"start":{"line":1,"column":242},"end":{"line":1,"column":242}}]}},"b":{"0":[0]},"fnMap":{"0":{"name":"(empty-report)","decl":{"start":{"line":1,"column":242},"end":{"line":1,"column":242}},"loc":{"start":{"line":1,"column":242},"end":{"line":1,"column":242}},"line":1}},"f":{"0":0}}
,"/home/will/Documents/GuitarHub/src-tauri/target/release/build/guitarhub-2973c90e50ce1e35/out/tauri-codegen-assets/4bfa24be1d94481961673a0bf0a65afb511f1d180749dfd205c8986a7a9a627e.js": {"path":"/home/will/Documents/GuitarHub/src-tauri/target/release/build/guitarhub-2973c90e50ce1e35/out/tauri-codegen-assets/4bfa24be1d94481961673a0bf0a65afb511f1d180749dfd205c8986a7a9a627e.js","all":true,"statementMap":{"0":{"start":{"line":1,"column":0},"end":{"line":1,"column":7741}},"1":{"start":{"line":2,"column":0},"end":{"line":2,"column":1371}}},"s":{"0":0,"1":0},"branchMap":{"0":{"type":"branch","line":1,"loc":{"start":{"line":1,"column":9113},"end":{"line":2,"column":1371}},"locations":[{"start":{"line":1,"column":9113},"end":{"line":2,"column":1371}}]}},"b":{"0":[0]},"fnMap":{"0":{"name":"(empty-report)","decl":{"start":{"line":1,"column":9113},"end":{"line":2,"column":1371}},"loc":{"start":{"line":1,"column":9113},"end":{"line":2,"column":1371}},"line":1}},"f":{"0":0}}
,"/home/will/Documents/GuitarHub/src-tauri/target/release/build/guitarhub-2973c90e50ce1e35/out/tauri-codegen-assets/4e7e7497241c961207ec351ed2e50be85074bdc682bb224c7a77a7c352478154.js": {"path":"/home/will/Documents/GuitarHub/src-tauri/target/release/build/guitarhub-2973c90e50ce1e35/out/tauri-codegen-assets/4e7e7497241c961207ec351ed2e50be85074bdc682bb224c7a77a7c352478154.js","all":true,"statementMap":{"0":{"start":{"line":1,"column":0},"end":{"line":1,"column":2564}}},"s":{"0":0},"branchMap":{"0":{"type":"branch","line":1,"loc":{"start":{"line":1,"column":2564},"end":{"line":1,"column":2564}},"locations":[{"start":{"line":1,"column":2564},"end":{"line":1,"column":2564}}]}},"b":{"0":[0]},"fnMap":{"0":{"name":"(empty-report)","decl":{"start":{"line":1,"column":2564},"end":{"line":1,"column":2564}},"loc":{"start":{"line":1,"column":2564},"end":{"line":1,"column":2564}},"line":1}},"f":{"0":0}}
,"/home/will/Documents/GuitarHub/src-tauri/target/release/build/guitarhub-2973c90e50ce1e35/out/tauri-codegen-assets/506a971dd941cd135e540b6d839b5f157e341ec9b84579431f20d17bcc847c7a.js": {"path":"/home/will/Documents/GuitarHub/src-tauri/target/release/build/guitarhub-2973c90e50ce1e35/out/tauri-codegen-assets/506a971dd941cd135e540b6d839b5f157e341ec9b84579431f20d17bcc847c7a.js","all":true,"statementMap":{"0":{"start":{"line":1,"column":0},"end":{"line":1,"column":503}}},"s":{"0":0},"branchMap":{"0":{"type":"branch","line":1,"loc":{"start":{"line":1,"column":503},"end":{"line":1,"column":503}},"locations":[{"start":{"line":1,"column":503},"end":{"line":1,"column":503}}]}},"b":{"0":[0]},"fnMap":{"0":{"name":"(empty-report)","decl":{"start":{"line":1,"column":503},"end":{"line":1,"column":503}},"loc":{"start":{"line":1,"column":503},"end":{"line":1,"column":503}},"line":1}},"f":{"0":0}}
,"/home/will/Documents/GuitarHub/src-tauri/target/release/build/guitarhub-2973c90e50ce1e35/out/tauri-codegen-assets/518d9a1a07cac9f59fd1bd8edb894eabdd42e10df715c28162324e01b88fc9a7.js": {"path":"/home/will/Documents/GuitarHub/src-tauri/target/release/build/guitarhub-2973c90e50ce1e35/out/tauri-codegen-assets/518d9a1a07cac9f59fd1bd8edb894eabdd42e10df715c28162324e01b88fc9a7.js","all":true,"statementMap":{"0":{"start":{"line":1,"column":0},"end":{"line":1,"column":1435}}},"s":{"0":0},"branchMap":{"0":{"type":"branch","line":1,"loc":{"start":{"line":1,"column":1435},"end":{"line":1,"column":1435}},"locations":[{"start":{"line":1,"column":1435},"end":{"line":1,"column":1435}}]}},"b":{"0":[0]},"fnMap":{"0":{"name":"(empty-report)","decl":{"start":{"line":1,"column":1435},"end":{"line":1,"column":1435}},"loc":{"start":{"line":1,"column":1435},"end":{"line":1,"column":1435}},"line":1}},"f":{"0":0}}
,"/home/will/Documents/GuitarHub/src-tauri/target/release/build/guitarhub-2973c90e50ce1e35/out/tauri-codegen-assets/547dc13ae6f10167b8fe422f5c51f3c61f5d1e067db2a9ef4a1a70c1e1b151f7.js": {"path":"/home/will/Documents/GuitarHub/src-tauri/target/release/build/guitarhub-2973c90e50ce1e35/out/tauri-codegen-assets/547dc13ae6f10167b8fe422f5c51f3c61f5d1e067db2a9ef4a1a70c1e1b151f7.js","all":true,"statementMap":{"0":{"start":{"line":1,"column":0},"end":{"line":1,"column":38}}},"s":{"0":0},"branchMap":{"0":{"type":"branch","line":1,"loc":{"start":{"line":1,"column":0},"end":{"line":1,"column":34}},"locations":[{"start":{"line":1,"column":0},"end":{"line":1,"column":34}}]}},"b":{"0":[0]},"fnMap":{"0":{"name":"(empty-report)","decl":{"start":{"line":1,"column":0},"end":{"line":1,"column":34}},"loc":{"start":{"line":1,"column":0},"end":{"line":1,"column":34}},"line":1}},"f":{"0":0}}
,"/home/will/Documents/GuitarHub/src-tauri/target/release/build/guitarhub-2973c90e50ce1e35/out/tauri-codegen-assets/62561e64dc484dc831d5f168f92175cfdd8ce7158e29486d7e5f970a9c4e550d.js": {"path":"/home/will/Documents/GuitarHub/src-tauri/target/release/build/guitarhub-2973c90e50ce1e35/out/tauri-codegen-assets/62561e64dc484dc831d5f168f92175cfdd8ce7158e29486d7e5f970a9c4e550d.js","all":true,"statementMap":{"0":{"start":{"line":1,"column":0},"end":{"line":1,"column":28286}}},"s":{"0":0},"branchMap":{"0":{"type":"branch","line":1,"loc":{"start":{"line":1,"column":28286},"end":{"line":1,"column":28286}},"locations":[{"start":{"line":1,"column":28286},"end":{"line":1,"column":28286}}]}},"b":{"0":[0]},"fnMap":{"0":{"name":"(empty-report)","decl":{"start":{"line":1,"column":28286},"end":{"line":1,"column":28286}},"loc":{"start":{"line":1,"column":28286},"end":{"line":1,"column":28286}},"line":1}},"f":{"0":0}}
,"/home/will/Documents/GuitarHub/src-tauri/target/release/build/guitarhub-2973c90e50ce1e35/out/tauri-codegen-assets/8267437c6f2066b72fa12e0b683acd1bf0b1bd14618886816084236b01d0eff5.js": {"path":"/home/will/Documents/GuitarHub/src-tauri/target/release/build/guitarhub-2973c90e50ce1e35/out/tauri-codegen-assets/8267437c6f2066b72fa12e0b683acd1bf0b1bd14618886816084236b01d0eff5.js","all":true,"statementMap":{"0":{"start":{"line":1,"column":0},"end":{"line":1,"column":90}}},"s":{"0":0},"branchMap":{"0":{"type":"branch","line":1,"loc":{"start":{"line":1,"column":90},"end":{"line":1,"column":90}},"locations":[{"start":{"line":1,"column":90},"end":{"line":1,"column":90}}]}},"b":{"0":[0]},"fnMap":{"0":{"name":"(empty-report)","decl":{"start":{"line":1,"column":90},"end":{"line":1,"column":90}},"loc":{"start":{"line":1,"column":90},"end":{"line":1,"column":90}},"line":1}},"f":{"0":0}}
,"/home/will/Documents/GuitarHub/src-tauri/target/release/build/guitarhub-2973c90e50ce1e35/out/tauri-codegen-assets/85b496faf9b3beb23e2e3369600b9f4516eae028955f02d3df1450125a238202.js": {"path":"/home/will/Documents/GuitarHub/src-tauri/target/release/build/guitarhub-2973c90e50ce1e35/out/tauri-codegen-assets/85b496faf9b3beb23e2e3369600b9f4516eae028955f02d3df1450125a238202.js","all":true,"statementMap":{"0":{"start":{"line":1,"column":0},"end":{"line":1,"column":1493}}},"s":{"0":0},"branchMap":{"0":{"type":"branch","line":1,"loc":{"start":{"line":1,"column":1493},"end":{"line":1,"column":1493}},"locations":[{"start":{"line":1,"column":1493},"end":{"line":1,"column":1493}}]}},"b":{"0":[0]},"fnMap":{"0":{"name":"(empty-report)","decl":{"start":{"line":1,"column":1493},"end":{"line":1,"column":1493}},"loc":{"start":{"line":1,"column":1493},"end":{"line":1,"column":1493}},"line":1}},"f":{"0":0}}
,"/home/will/Documents/GuitarHub/src-tauri/target/release/build/guitarhub-2973c90e50ce1e35/out/tauri-codegen-assets/8c48f4d819a659156b8a0d7219efbb048f509b4053325b3cc82cdcec83d61c1c.js": {"path":"/home/will/Documents/GuitarHub/src-tauri/target/release/build/guitarhub-2973c90e50ce1e35/out/tauri-codegen-assets/8c48f4d819a659156b8a0d7219efbb048f509b4053325b3cc82cdcec83d61c1c.js","all":true,"statementMap":{"0":{"start":{"line":1,"column":0},"end":{"line":1,"column":28045}}},"s":{"0":0},"branchMap":{"0":{"type":"branch","line":1,"loc":{"start":{"line":1,"column":28045},"end":{"line":1,"column":28045}},"locations":[{"start":{"line":1,"column":28045},"end":{"line":1,"column":28045}}]}},"b":{"0":[0]},"fnMap":{"0":{"name":"(empty-report)","decl":{"start":{"line":1,"column":28045},"end":{"line":1,"column":28045}},"loc":{"start":{"line":1,"column":28045},"end":{"line":1,"column":28045}},"line":1}},"f":{"0":0}}
,"/home/will/Documents/GuitarHub/src-tauri/target/release/build/guitarhub-2973c90e50ce1e35/out/tauri-codegen-assets/8f0689414c9e7297a60f0c3e0f0d2813d771f996ad6cdb27dece10c66147c4ab.js": {"path":"/home/will/Documents/GuitarHub/src-tauri/target/release/build/guitarhub-2973c90e50ce1e35/out/tauri-codegen-assets/8f0689414c9e7297a60f0c3e0f0d2813d771f996ad6cdb27dece10c66147c4ab.js","all":true,"statementMap":{"0":{"start":{"line":1,"column":0},"end":{"line":1,"column":82}}},"s":{"0":0},"branchMap":{"0":{"type":"branch","line":1,"loc":{"start":{"line":1,"column":82},"end":{"line":1,"column":82}},"locations":[{"start":{"line":1,"column":82},"end":{"line":1,"column":82}}]}},"b":{"0":[0]},"fnMap":{"0":{"name":"(empty-report)","decl":{"start":{"line":1,"column":82},"end":{"line":1,"column":82}},"loc":{"start":{"line":1,"column":82},"end":{"line":1,"column":82}},"line":1}},"f":{"0":0}}
,"/home/will/Documents/GuitarHub/src-tauri/target/release/build/guitarhub-2973c90e50ce1e35/out/tauri-codegen-assets/8fe4a71768397dd4443a6fa400063b597a47c762f3cdc134b0c387c325304992.js": {"path":"/home/will/Documents/GuitarHub/src-tauri/target/release/build/guitarhub-2973c90e50ce1e35/out/tauri-codegen-assets/8fe4a71768397dd4443a6fa400063b597a47c762f3cdc134b0c387c325304992.js","all":true,"statementMap":{"0":{"start":{"line":1,"column":0},"end":{"line":1,"column":28281}}},"s":{"0":0},"branchMap":{"0":{"type":"branch","line":1,"loc":{"start":{"line":1,"column":28281},"end":{"line":1,"column":28281}},"locations":[{"start":{"line":1,"column":28281},"end":{"line":1,"column":28281}}]}},"b":{"0":[0]},"fnMap":{"0":{"name":"(empty-report)","decl":{"start":{"line":1,"column":28281},"end":{"line":1,"column":28281}},"loc":{"start":{"line":1,"column":28281},"end":{"line":1,"column":28281}},"line":1}},"f":{"0":0}}
,"/home/will/Documents/GuitarHub/src-tauri/target/release/build/guitarhub-2973c90e50ce1e35/out/tauri-codegen-assets/bd0567197198a2e6f17ad8d0fe48399d9c54bc80cdcd61b8a96ba582002253d8.js": {"path":"/home/will/Documents/GuitarHub/src-tauri/target/release/build/guitarhub-2973c90e50ce1e35/out/tauri-codegen-assets/bd0567197198a2e6f17ad8d0fe48399d9c54bc80cdcd61b8a96ba582002253d8.js","all":true,"statementMap":{"0":{"start":{"line":1,"column":0},"end":{"line":1,"column":680}},"1":{"start":{"line":2,"column":0},"end":{"line":2,"column":5289}}},"s":{"0":0,"1":0},"branchMap":{"0":{"type":"branch","line":1,"loc":{"start":{"line":1,"column":5970},"end":{"line":2,"column":5289}},"locations":[{"start":{"line":1,"column":5970},"end":{"line":2,"column":5289}}]}},"b":{"0":[0]},"fnMap":{"0":{"name":"(empty-report)","decl":{"start":{"line":1,"column":5970},"end":{"line":2,"column":5289}},"loc":{"start":{"line":1,"column":5970},"end":{"line":2,"column":5289}},"line":1}},"f":{"0":0}}
,"/home/will/Documents/GuitarHub/src-tauri/target/release/build/guitarhub-2973c90e50ce1e35/out/tauri-codegen-assets/cb090225399dda94bf9dbeec6ffee7274ba2773a28b08dab9dd7c15fe615b9d2.js": {"path":"/home/will/Documents/GuitarHub/src-tauri/target/release/build/guitarhub-2973c90e50ce1e35/out/tauri-codegen-assets/cb090225399dda94bf9dbeec6ffee7274ba2773a28b08dab9dd7c15fe615b9d2.js","all":true,"statementMap":{"0":{"start":{"line":1,"column":0},"end":{"line":1,"column":645}}},"s":{"0":0},"branchMap":{"0":{"type":"branch","line":1,"loc":{"start":{"line":1,"column":645},"end":{"line":1,"column":645}},"locations":[{"start":{"line":1,"column":645},"end":{"line":1,"column":645}}]}},"b":{"0":[0]},"fnMap":{"0":{"name":"(empty-report)","decl":{"start":{"line":1,"column":645},"end":{"line":1,"column":645}},"loc":{"start":{"line":1,"column":645},"end":{"line":1,"column":645}},"line":1}},"f":{"0":0}}
,"/home/will/Documents/GuitarHub/src-tauri/target/release/build/guitarhub-2973c90e50ce1e35/out/tauri-codegen-assets/d7298cde0e6c01652fd584700e0c7370c89b2a586472ab28022d4585428428d6.js": {"path":"/home/will/Documents/GuitarHub/src-tauri/target/release/build/guitarhub-2973c90e50ce1e35/out/tauri-codegen-assets/d7298cde0e6c01652fd584700e0c7370c89b2a586472ab28022d4585428428d6.js","all":true,"statementMap":{"0":{"start":{"line":1,"column":0},"end":{"line":1,"column":28286}}},"s":{"0":0},"branchMap":{"0":{"type":"branch","line":1,"loc":{"start":{"line":1,"column":28286},"end":{"line":1,"column":28286}},"locations":[{"start":{"line":1,"column":28286},"end":{"line":1,"column":28286}}]}},"b":{"0":[0]},"fnMap":{"0":{"name":"(empty-report)","decl":{"start":{"line":1,"column":28286},"end":{"line":1,"column":28286}},"loc":{"start":{"line":1,"column":28286},"end":{"line":1,"column":28286}},"line":1}},"f":{"0":0}}
,"/home/will/Documents/GuitarHub/src-tauri/target/release/build/guitarhub-2973c90e50ce1e35/out/tauri-codegen-assets/d778a8cd576c4e133985700bcca50a2b468eec4f97456db2b6db528816f0f4c8.js": {"path":"/home/will/Documents/GuitarHub/src-tauri/target/release/build/guitarhub-2973c90e50ce1e35/out/tauri-codegen-assets/d778a8cd576c4e133985700bcca50a2b468eec4f97456db2b6db528816f0f4c8.js","all":true,"statementMap":{"0":{"start":{"line":1,"column":0},"end":{"line":1,"column":1701}},"1":{"start":{"line":2,"column":0},"end":{"line":2,"column":14974}}},"s":{"0":0,"1":0},"branchMap":{"0":{"type":"branch","line":1,"loc":{"start":{"line":1,"column":16676},"end":{"line":2,"column":14974}},"locations":[{"start":{"line":1,"column":16676},"end":{"line":2,"column":14974}}]}},"b":{"0":[0]},"fnMap":{"0":{"name":"(empty-report)","decl":{"start":{"line":1,"column":16676},"end":{"line":2,"column":14974}},"loc":{"start":{"line":1,"column":16676},"end":{"line":2,"column":14974}},"line":1}},"f":{"0":0}}
,"/home/will/Documents/GuitarHub/src-tauri/target/release/build/guitarhub-2973c90e50ce1e35/out/tauri-codegen-assets/e14a105ee0df84de9401db554169e3ab2540cb32309a31c3b36bf20e1216d459.js": {"path":"/home/will/Documents/GuitarHub/src-tauri/target/release/build/guitarhub-2973c90e50ce1e35/out/tauri-codegen-assets/e14a105ee0df84de9401db554169e3ab2540cb32309a31c3b36bf20e1216d459.js","all":true,"statementMap":{"0":{"start":{"line":1,"column":0},"end":{"line":1,"column":82}}},"s":{"0":0},"branchMap":{"0":{"type":"branch","line":1,"loc":{"start":{"line":1,"column":82},"end":{"line":1,"column":82}},"locations":[{"start":{"line":1,"column":82},"end":{"line":1,"column":82}}]}},"b":{"0":[0]},"fnMap":{"0":{"name":"(empty-report)","decl":{"start":{"line":1,"column":82},"end":{"line":1,"column":82}},"loc":{"start":{"line":1,"column":82},"end":{"line":1,"column":82}},"line":1}},"f":{"0":0}}
,"/home/will/Documents/GuitarHub/src-tauri/target/release/build/guitarhub-2973c90e50ce1e35/out/tauri-codegen-assets/e399bfffeaad7e899e450cf78125608e58700d81bf8e2f679e21557141c955fb.js": {"path":"/home/will/Documents/GuitarHub/src-tauri/target/release/build/guitarhub-2973c90e50ce1e35/out/tauri-codegen-assets/e399bfffeaad7e899e450cf78125608e58700d81bf8e2f679e21557141c955fb.js","all":true,"statementMap":{"0":{"start":{"line":1,"column":0},"end":{"line":1,"column":351}}},"s":{"0":0},"branchMap":{"0":{"type":"branch","line":1,"loc":{"start":{"line":1,"column":351},"end":{"line":1,"column":351}},"locations":[{"start":{"line":1,"column":351},"end":{"line":1,"column":351}}]}},"b":{"0":[0]},"fnMap":{"0":{"name":"(empty-report)","decl":{"start":{"line":1,"column":351},"end":{"line":1,"column":351}},"loc":{"start":{"line":1,"column":351},"end":{"line":1,"column":351}},"line":1}},"f":{"0":0}}
,"/home/will/Documents/GuitarHub/src-tauri/target/release/build/guitarhub-2973c90e50ce1e35/out/tauri-codegen-assets/e4ba6ca10bfa5d5e8a6e143e25bf4aae23656f90ad8bab2135c9bddeafa0b507.js": {"path":"/home/will/Documents/GuitarHub/src-tauri/target/release/build/guitarhub-2973c90e50ce1e35/out/tauri-codegen-assets/e4ba6ca10bfa5d5e8a6e143e25bf4aae23656f90ad8bab2135c9bddeafa0b507.js","all":true,"statementMap":{"0":{"start":{"line":1,"column":0},"end":{"line":1,"column":680}},"1":{"start":{"line":2,"column":0},"end":{"line":2,"column":5289}}},"s":{"0":0,"1":0},"branchMap":{"0":{"type":"branch","line":1,"loc":{"start":{"line":1,"column":5970},"end":{"line":2,"column":5289}},"locations":[{"start":{"line":1,"column":5970},"end":{"line":2,"column":5289}}]}},"b":{"0":[0]},"fnMap":{"0":{"name":"(empty-report)","decl":{"start":{"line":1,"column":5970},"end":{"line":2,"column":5289}},"loc":{"start":{"line":1,"column":5970},"end":{"line":2,"column":5289}},"line":1}},"f":{"0":0}}
,"/home/will/Documents/GuitarHub/src-tauri/target/release/build/guitarhub-2973c90e50ce1e35/out/tauri-codegen-assets/ec990dad827abb49631b10bb370e981b60ed481b75f9cb1257417f12fa867240.js": {"path":"/home/will/Documents/GuitarHub/src-tauri/target/release/build/guitarhub-2973c90e50ce1e35/out/tauri-codegen-assets/ec990dad827abb49631b10bb370e981b60ed481b75f9cb1257417f12fa867240.js","all":true,"statementMap":{"0":{"start":{"line":1,"column":0},"end":{"line":1,"column":995}}},"s":{"0":0},"branchMap":{"0":{"type":"branch","line":1,"loc":{"start":{"line":1,"column":995},"end":{"line":1,"column":995}},"locations":[{"start":{"line":1,"column":995},"end":{"line":1,"column":995}}]}},"b":{"0":[0]},"fnMap":{"0":{"name":"(empty-report)","decl":{"start":{"line":1,"column":995},"end":{"line":1,"column":995}},"loc":{"start":{"line":1,"column":995},"end":{"line":1,"column":995}},"line":1}},"f":{"0":0}}
,"/home/will/Documents/GuitarHub/src-tauri/target/release/build/guitarhub-2973c90e50ce1e35/out/tauri-codegen-assets/efdd6bea05885ec2c7d17e18ae10fafb30dc055d271d0978a4aefb250c4cc16a.js": {"path":"/home/will/Documents/GuitarHub/src-tauri/target/release/build/guitarhub-2973c90e50ce1e35/out/tauri-codegen-assets/efdd6bea05885ec2c7d17e18ae10fafb30dc055d271d0978a4aefb250c4cc16a.js","all":true,"statementMap":{"0":{"start":{"line":1,"column":0},"end":{"line":1,"column":82}}},"s":{"0":0},"branchMap":{"0":{"type":"branch","line":1,"loc":{"start":{"line":1,"column":82},"end":{"line":1,"column":82}},"locations":[{"start":{"line":1,"column":82},"end":{"line":1,"column":82}}]}},"b":{"0":[0]},"fnMap":{"0":{"name":"(empty-report)","decl":{"start":{"line":1,"column":82},"end":{"line":1,"column":82}},"loc":{"start":{"line":1,"column":82},"end":{"line":1,"column":82}},"line":1}},"f":{"0":0}}
,"/home/will/Documents/GuitarHub/src-tauri/target/release/build/guitarhub-2973c90e50ce1e35/out/tauri-codegen-assets/f7eb0bc4506a0951be365bb0d5dac44c7d1d08382c93e54e588976721499f115.js": {"path":"/home/will/Documents/GuitarHub/src-tauri/target/release/build/guitarhub-2973c90e50ce1e35/out/tauri-codegen-assets/f7eb0bc4506a0951be365bb0d5dac44c7d1d08382c93e54e588976721499f115.js","all":true,"statementMap":{"0":{"start":{"line":1,"column":0},"end":{"line":1,"column":3273}},"1":{"start":{"line":2,"column":0},"end":{"line":2,"column":623}}},"s":{"0":0,"1":0},"branchMap":{"0":{"type":"branch","line":1,"loc":{"start":{"line":1,"column":3897},"end":{"line":2,"column":623}},"locations":[{"start":{"line":1,"column":3897},"end":{"line":2,"column":623}}]}},"b":{"0":[0]},"fnMap":{"0":{"name":"(empty-report)","decl":{"start":{"line":1,"column":3897},"end":{"line":2,"column":623}},"loc":{"start":{"line":1,"column":3897},"end":{"line":2,"column":623}},"line":1}},"f":{"0":0}}
,"/home/will/Documents/GuitarHub/src-tauri/target/release/build/guitarhub-2973c90e50ce1e35/out/tauri-codegen-assets/f7f7ef71c1a3ee47e141af1e323b9c30ebe2706a09479f96d707b7a9c824c4a7.js": {"path":"/home/will/Documents/GuitarHub/src-tauri/target/release/build/guitarhub-2973c90e50ce1e35/out/tauri-codegen-assets/f7f7ef71c1a3ee47e141af1e323b9c30ebe2706a09479f96d707b7a9c824c4a7.js","all":true,"statementMap":{"0":{"start":{"line":1,"column":0},"end":{"line":1,"column":503}}},"s":{"0":0},"branchMap":{"0":{"type":"branch","line":1,"loc":{"start":{"line":1,"column":503},"end":{"line":1,"column":503}},"locations":[{"start":{"line":1,"column":503},"end":{"line":1,"column":503}}]}},"b":{"0":[0]},"fnMap":{"0":{"name":"(empty-report)","decl":{"start":{"line":1,"column":503},"end":{"line":1,"column":503}},"loc":{"start":{"line":1,"column":503},"end":{"line":1,"column":503}},"line":1}},"f":{"0":0}}
,"/home/will/Documents/GuitarHub/src/lib/components/CollectionStatsCell.svelte": {"path":"/home/will/Documents/GuitarHub/src/lib/components/CollectionStatsCell.svelte","all":false,"statementMap":{"0":{"start":{"line":1,"column":0},"end":{"line":1,"column":18}},"1":{"start":{"line":2,"column":0},"end":{"line":2,"column":59}},"2":{"start":{"line":3,"column":0},"end":{"line":3,"column":91}},"3":{"start":{"line":4,"column":0},"end":{"line":4,"column":53}},"5":{"start":{"line":6,"column":0},"end":{"line":6,"column":89}},"6":{"start":{"line":7,"column":0},"end":{"line":7,"column":81}},"7":{"start":{"line":8,"column":0},"end":{"line":8,"column":9}},"9":{"start":{"line":10,"column":0},"end":{"line":10,"column":61}},"10":{"start":{"line":11,"column":0},"end":{"line":11,"column":42}},"11":{"start":{"line":12,"column":0},"end":{"line":12,"column":18}},"14":{"start":{"line":15,"column":0},"end":{"line":15,"column":40}},"15":{"start":{"line":16,"column":0},"end":{"line":16,"column":81}},"19":{"start":{"line":20,"column":0},"end":{"line":20,"column":76}},"20":{"start":{"line":21,"column":0},"end":{"line":21,"column":38}},"21":{"start":{"line":22,"column":0},"end":{"line":22,"column":28}},"22":{"start":{"line":23,"column":0},"end":{"line":23,"column":80}},"25":{"start":{"line":26,"column":0},"end":{"line":26,"column":28}},"26":{"start":{"line":27,"column":0},"end":{"line":27,"column":92}},"29":{"start":{"line":30,"column":0},"end":{"line":30,"column":28}},"30":{"start":{"line":31,"column":0},"end":{"line":31,"column":88}},"31":{"start":{"line":32,"column":0},"end":{"line":32,"column":48}},"35":{"start":{"line":36,"column":0},"end":{"line":36,"column":52}},"36":{"start":{"line":37,"column":0},"end":{"line":37,"column":34}},"37":{"start":{"line":38,"column":0},"end":{"line":38,"column":111}}},"s":{"0":9,"1":9,"2":9,"3":9,"5":9,"6":9,"7":9,"9":1,"10":1,"11":1,"14":1,"15":1,"19":1,"20":1,"21":1,"22":1,"25":1,"26":1,"29":1,"30":1,"31":1,"35":1,"36":1,"37":1},"branchMap":{"0":{"type":"branch","line":1,"loc":{"start":{"line":1,"column":0},"end":{"line":8,"column":9}},"locations":[{"start":{"line":1,"column":0},"end":{"line":8,"column":9}}]},"1":{"type":"branch","line":6,"loc":{"start":{"line":6,"column":24},"end":{"line":6,"column":89}},"locations":[{"start":{"line":6,"column":24},"end":{"line":6,"column":89}}]},"2":{"type":"branch","line":7,"loc":{"start":{"line":7,"column":33},"end":{"line":7,"column":81}},"locations":[{"start":{"line":7,"column":33},"end":{"line":7,"column":81}}]},"3":{"type":"branch","line":16,"loc":{"start":{"line":16,"column":14},"end":{"line":16,"column":81}},"locations":[{"start":{"line":16,"column":14},"end":{"line":16,"column":81}}]},"4":{"type":"branch","line":16,"loc":{"start":{"line":16,"column":36},"end":{"line":16,"column":81}},"locations":[{"start":{"line":16,"column":36},"end":{"line":16,"column":81}}]},"5":{"type":"branch","line":38,"loc":{"start":{"line":38,"column":20},"end":{"line":38,"column":61}},"locations":[{"start":{"line":38,"column":20},"end":{"line":38,"column":61}}]},"6":{"type":"branch","line":38,"loc":{"start":{"line":38,"column":56},"end":{"line":38,"column":61}},"locations":[{"start":{"line":38,"column":56},"end":{"line":38,"column":61}}]},"7":{"type":"branch","line":38,"loc":{"start":{"line":38,"column":56},"end":{"line":38,"column":61}},"locations":[{"start":{"line":38,"column":56},"end":{"line":38,"column":61}}]},"8":{"type":"branch","line":38,"loc":{"start":{"line":38,"column":56},"end":{"line":38,"column":111}},"locations":[{"start":{"line":38,"column":56},"end":{"line":38,"column":111}}]},"9":{"type":"branch","line":31,"loc":{"start":{"line":31,"column":85},"end":{"line":31,"column":88}},"locations":[{"start":{"line":31,"column":85},"end":{"line":31,"column":88}}]},"10":{"type":"branch","line":27,"loc":{"start":{"line":27,"column":39},"end":{"line":27,"column":92}},"locations":[{"start":{"line":27,"column":39},"end":{"line":27,"column":92}}]}},"b":{"0":[9],"1":[4],"2":[4],"3":[12],"4":[6],"5":[4],"6":[0],"7":[0],"8":[4],"9":[0],"10":[4]},"fnMap":{"0":{"name":"CollectionStatsCell","decl":{"start":{"line":1,"column":0},"end":{"line":8,"column":9}},"loc":{"start":{"line":1,"column":0},"end":{"line":8,"column":9}},"line":1}},"f":{"0":9}}
[...]
5,"column":1}},"6":{"start":{"line":7,"column":0},"end":{"line":7,"column":85}},"7":{"start":{"line":8,"column":0},"end":{"line":8,"column":36}},"8":{"start":{"line":9,"column":0},"end":{"line":9,"column":50}},"9":{"start":{"line":10,"column":0},"end":{"line":10,"column":73}},"10":{"start":{"line":11,"column":0},"end":{"line":11,"column":30}},"11":{"start":{"line":12,"column":0},"end":{"line":12,"column":1}}},"s":{"2":1,"3":8,"4":8,"6":1,"7":7,"8":7,"9":7,"10":7,"11":7},"branchMap":{"0":{"type":"branch","line":3,"loc":{"start":{"line":3,"column":7},"end":{"line":5,"column":1}},"locations":[{"start":{"line":3,"column":7},"end":{"line":5,"column":1}}]},"1":{"type":"branch","line":4,"loc":{"start":{"line":4,"column":22},"end":{"line":4,"column":94}},"locations":[{"start":{"line":4,"column":22},"end":{"line":4,"column":94}}]},"2":{"type":"branch","line":4,"loc":{"start":{"line":4,"column":44},"end":{"line":4,"column":69}},"locations":[{"start":{"line":4,"column":44},"end":{"line":4,"column":69}}]},"3":{"type":"branch","line":4,"loc":{"start":{"line":4,"column":71},"end":{"line":4,"column":94}},"locations":[{"start":{"line":4,"column":71},"end":{"line":4,"column":94}}]},"4":{"type":"branch","line":7,"loc":{"start":{"line":7,"column":7},"end":{"line":12,"column":1}},"locations":[{"start":{"line":7,"column":7},"end":{"line":12,"column":1}}]},"5":{"type":"branch","line":8,"loc":{"start":{"line":8,"column":23},"end":{"line":8,"column":33}},"locations":[{"start":{"line":8,"column":23},"end":{"line":8,"column":33}}]},"6":{"type":"branch","line":8,"loc":{"start":{"line":8,"column":27},"end":{"line":8,"column":36}},"locations":[{"start":{"line":8,"column":27},"end":{"line":8,"column":36}}]},"7":{"type":"branch","line":10,"loc":{"start":{"line":10,"column":29},"end":{"line":10,"column":42}},"locations":[{"start":{"line":10,"column":29},"end":{"line":10,"column":42}}]},"8":{"type":"branch","line":10,"loc":{"start":{"line":10,"column":33},"end":{"line":10,"column":73}},"locations":[{"start":{"line":10,"column":33},"end":{"line":10,"column":73}}]},"9":{"type":"branch","line":10,"loc":{"start":{"line":10,"column":50},"end":{"line":10,"column":63}},"locations":[{"start":{"line":10,"column":50},"end":{"line":10,"column":63}}]},"10":{"type":"branch","line":10,"loc":{"start":{"line":10,"column":54},"end":{"line":10,"column":73}},"locations":[{"start":{"line":10,"column":54},"end":{"line":10,"column":73}}]}},"b":{"0":[8],"1":[13],"2":[0],"3":[1],"4":[7],"5":[5],"6":[2],"7":[5],"8":[2],"9":[1],"10":[1]},"fnMap":{"0":{"name":"calculateCollectionGainLoss","decl":{"start":{"line":3,"column":7},"end":{"line":5,"column":1}},"loc":{"start":{"line":3,"column":7},"end":{"line":5,"column":1}},"line":3},"1":{"name":"formatGainLoss","decl":{"start":{"line":7,"column":7},"end":{"line":12,"column":1}},"loc":{"start":{"line":7,"column":7},"end":{"line":12,"column":1}},"line":7}},"f":{"0":8,"1":7}}
,"/home/will/Documents/GuitarHub/src/routes/+layout.svelte": {"path":"/home/will/Documents/GuitarHub/src/routes/+layout.svelte","all":true,"statementMap":{"0":{"start":{"line":1,"column":0},"end":{"line":1,"column":8}},"1":{"start":{"line":2,"column":0},"end":{"line":2,"column":35}},"2":{"start":{"line":3,"column":0},"end":{"line":3,"column":48}},"3":{"start":{"line":4,"column":0},"end":{"line":4,"column":48}},"6":{"start":{"line":7,"column":0},"end":{"line":7,"column":30}},"7":{"start":{"line":8,"column":0},"end":{"line":8,"column":31}},"8":{"start":{"line":9,"column":0},"end":{"line":9,"column":70}},"10":{"start":{"line":11,"column":0},"end":{"line":11,"column":23}},"11":{"start":{"line":12,"column":0},"end":{"line":12,"column":9}},"12":{"start":{"line":13,"column":0},"end":{"line":13,"column":72}},"13":{"start":{"line":14,"column":0},"end":{"line":14,"column":18}},"14":{"start":{"line":15,"column":0},"end":{"line":15,"column":27}},"15":{"start":{"line":16,"column":0},"end":{"line":16,"column":14}},"16":{"start":{"line":17,"column":0},"end":{"line":17,"column":38}},"17":{"start":{"line":18,"column":0},"end":{"line":18,"column":29}},"18":{"start":{"line":19,"column":0},"end":{"line":19,"column":59}},"20":{"start":{"line":21,"column":0},"end":{"line":21,"column":7}},"21":{"start":{"line":22,"column":0},"end":{"line":22,"column":17}},"23":{"start":{"line":24,"column":0},"end":{"line":24,"column":5}},"24":{"start":{"line":25,"column":0},"end":{"line":25,"column":5}},"26":{"start":{"line":27,"column":0},"end":{"line":27,"column":31}},"27":{"start":{"line":28,"column":0},"end":{"line":28,"column":19}},"28":{"start":{"line":29,"column":0},"end":{"line":29,"column":21}},"29":{"start":{"line":30,"column":0},"end":{"line":30,"column":9}},"30":{"start":{"line":31,"column":0},"end":{"line":31,"column":71}},"31":{"start":{"line":32,"column":0},"end":{"line":32,"column":29}},"32":{"start":{"line":33,"column":0},"end":{"line":33,"column":17}},"33":{"start":{"line":34,"column":0},"end":{"line":34,"column":28}},"34":{"start":{"line":35,"column":0},"end":{"line":35,"column":52}},"35":{"start":{"line":36,"column":0},"end":{"line":36,"column":15}},"36":{"start":{"line":37,"column":0},"end":{"line":37,"column":22}},"37":{"start":{"line":38,"column":0},"end":{"line":38,"column":5}},"38":{"start":{"line":39,"column":0},"end":{"line":39,"column":3}},"39":{"start":{"line":40,"column":0},"end":{"line":40,"column":9}},"41":{"start":{"line":42,"column":0},"end":{"line":42,"column":17}},"43":{"start":{"line":44,"column":0},"end":{"line":44,"column":27}},"45":{"start":{"line":46,"column":0},"end":{"line":46,"column":95}},"46":{"start":{"line":47,"column":0},"end":{"line":47,"column":50}},"48":{"start":{"line":49,"column":0},"end":{"line":49,"column":19}},"49":{"start":{"line":50,"column":0},"end":{"line":50,"column":49}},"54":{"start":{"line":55,"column":0},"end":{"line":55,"column":21}}},"s":{"0":0,"1":0,"2":0,"3":0,"6":0,"7":0,"8":0,"10":0,"11":0,"12":0,"13":0,"14":0,"15":0,"16":0,"17":0,"18":0,"20":0,"21":0,"23":0,"24":0,"26":0,"27":0,"28":0,"29":0,"30":0,"31":0,"32":0,"33":0,"34":0,"35":0,"36":0,"37":0,"38":0,"39":0,"41":0,"43":0,"45":0,"46":0,"48":0,"49":0,"54":0},"branchMap":{"0":{"type":"branch","line":1,"loc":{"start":{"line":1,"column":2830},"end":{"line":126,"column":8}},"locations":[{"start":{"line":1,"column":2830},"end":{"line":126,"column":8}}]}},"b":{"0":[0]},"fnMap":{"0":{"name":"(empty-report)","decl":{"start":{"line":1,"column":2830},"end":{"line":126,"column":8}},"loc":{"start":{"line":1,"column":2830},"end":{"line":126,"column":8}},"line":1}},"f":{"0":0}}
,"/home/will/Documents/GuitarHub/src/routes/+page.svelte": {"path":"/home/will/Documents/GuitarHub/src/routes/+page.svelte","all":false,"statementMap":{"0":{"start":{"line":1,"column":0},"end":{"line":1,"column":18}},"1":{"start":{"line":2,"column":0},"end":{"line":2,"column":48}},"2":{"start":{"line":3,"column":0},"end":{"line":3,"column":35}},"3":{"start":{"line":4,"column":0},"end":{"line":4,"column":63}},"4":{"start":{"line":5,"column":0},"end":{"line":5,"column":67}},"5":{"start":{"line":6,"column":0},"end":{"line":6,"column":57}},"6":{"start":{"line":7,"column":0},"end":{"line":7,"column":61}},"7":{"start":{"line":8,"column":0},"end":{"line":8,"column":69}},"8":{"start":{"line":9,"column":0},"end":{"line":9,"column":75}},"9":{"start":{"line":10,"column":0},"end":{"line":10,"column":79}},"10":{"start":{"line":11,"column":0},"end":{"line":11,"column":56}},"11":{"start":{"line":12,"column":0},"end":{"line":12,"column":57}},"12":{"start":{"line":13,"column":0},"end":{"line":13,"column":96}},"13":{"start":{"line":14,"column":0},"end":{"line":14,"column":39}},"15":{"start":{"line":16,"column":0},"end":{"line":16,"column":34}},"16":{"start":{"line":17,"column":0},"end":{"line":17,"column":71}},"17":{"start":{"line":18,"column":0},"end":{"line":18,"column":9}},"18":{"start":{"line":19,"column":0},"end":{"line":19,"column":80}},"19":{"start":{"line":20,"column":0},"end":{"line":20,"column":45}},"20":{"start":{"line":21,"column":0},"end":{"line":21,"column":45}},"21":{"start":{"line":22,"column":0},"end":{"line":22,"column":48}},"23":{"start":{"line":24,"column":0},"end":{"line":24,"column":26}},"24":{"start":{"line":25,"column":0},"end":{"line":25,"column":22}},"25":{"start":{"line":26,"column":0},"end":{"line":26,"column":22}},"26":{"start":{"line":27,"column":0},"end":{"line":27,"column":23}},"27":{"start":{"line":28,"column":0},"end":{"line":28,"column":23}},"28":{"start":{"line":29,"column":0},"end":{"line":29,"column":20}},"30":{"start":{"line":31,"column":0},"end":{"line":31,"column":17}},"31":{"start":{"line":32,"column":0},"end":{"line":32,"column":79}},"32":{"start":{"line":33,"column":0},"end":{"line":33,"column":5}},"33":{"start":{"line":34,"column":0},"end":{"line":34,"column":26}},"34":{"start":{"line":35,"column":0},"end":{"line":35,"column":21}},"35":{"start":{"line":36,"column":0},"end":{"line":36,"column":3}},"37":{"start":{"line":38,"column":0},"end":{"line":38,"column":17}},"38":{"start":{"line":39,"column":0},"end":{"line":39,"column":20}},"39":{"start":{"line":40,"column":0},"end":{"line":40,"column":5}},"41":{"start":{"line":42,"column":0},"end":{"line":42,"column":99}},"42":{"start":{"line":43,"column":0},"end":{"line":43,"column":31}},"43":{"start":{"line":44,"column":0},"end":{"line":44,"column":9}},"45":{"start":{"line":46,"column":0},"end":{"line":46,"column":18}},"46":{"start":{"line":47,"column":0},"end":{"line":47,"column":26}},"48":{"start":{"line":49,"column":0},"end":{"line":49,"column":32}},"49":{"start":{"line":50,"column":0},"end":{"line":50,"column":20}},"53":{"start":{"line":54,"column":0},"end":{"line":54,"column":32}},"54":{"start":{"line":55,"column":0},"end":{"line":55,"column":24}},"58":{"start":{"line":59,"column":0},"end":{"line":59,"column":36}},"59":{"start":{"line":60,"column":0},"end":{"line":60,"column":183}},"60":{"start":{"line":61,"column":0},"end":{"line":61,"column":38}},"61":{"start":{"line":62,"column":0},"end":{"line":62,"column":105}},"67":{"start":{"line":68,"column":0},"end":{"line":68,"column":36}},"68":{"start":{"line":69,"column":0},"end":{"line":69,"column":174}},"69":{"start":{"line":70,"column":0},"end":{"line":70,"column":38}},"70":{"start":{"line":71,"column":0},"end":{"line":71,"column":106}},"76":{"start":{"line":77,"column":0},"end":{"line":77,"column":36}},"77":{"start":{"line":78,"column":0},"end":{"line":78,"column":202}},"78":{"start":{"line":79,"column":0},"end":{"line":79,"column":83}},"79":{"start":{"line":80,"column":0},"end":{"line":80,"column":34}},"80":{"start":{"line":81,"column":0},"end":{"line":81,"column":60}},"81":{"start":{"line":82,"column":0},"end":{"line":82,"column":51}},"89":{"start":{"line":90,"column":0},"end":{"line":90,"column":32}},"90":{"start":{"line":91,"column":0},"end":{"line":91,"column":149}},"91":{"start":{"line":92,"column":0},"end":{"line":92,"column":29}},"92":{"start":{"line":93,"column":0},"end":{"line":93,"column":122}},"98":{"start":{"line":99,"column":0},"end":{"line":99,"column":36}},"99":{"start":{"line":100,"column":0},"end":{"line":100,"column":84}},"100":{"start":{"line":101,"column":0},"end":{"line":101,"column":134}},"108":{"start":{"line":109,"column":0},"end":{"line":109,"column":36}},"109":{"start":{"line":110,"column":0},"end":{"line":110,"column":29}},"113":{"start":{"line":114,"column":0},"end":{"line":114,"column":36}},"114":{"start":{"line":115,"column":0},"end":{"line":115,"column":75}},"115":{"start":{"line":116,"column":0},"end":{"line":116,"column":30}},"117":{"start":{"line":118,"column":0},"end":{"line":118,"column":50}},"125":{"start":{"line":126,"column":0},"end":{"line":126,"column":25}},"126":{"start":{"line":127,"column":0},"end":{"line":127,"column":16}}},"s":{"0":4,"1":4,"2":4,"3":4,"4":4,"5":4,"6":4,"7":4,"8":4,"9":4,"10":4,"11":4,"12":4,"13":4,"15":4,"16":4,"17":4,"18":4,"19":4,"20":4,"21":4,"23":4,"24":4,"25":4,"26":4,"27":4,"28":4,"30":4,"31":0,"32":0,"33":3,"34":3,"35":3,"37":4,"38":4,"39":4,"41":4,"42":4,"43":4,"45":1,"46":1,"48":1,"49":1,"53":1,"54":1,"58":1,"59":1,"60":1,"61":1,"67":1,"68":1,"69":1,"70":1,"76":1,"77":1,"78":1,"79":1,"80":1,"81":1,"89":1,"90":1,"91":1,"92":1,"98":1,"99":1,"100":1,"108":1,"109":1,"113":1,"114":1,"115":1,"117":1,"125":1,"126":1},"branchMap":{"0":{"type":"branch","line":1,"loc":{"start":{"line":1,"column":0},"end":{"line":44,"column":9}},"locations":[{"start":{"line":1,"column":0},"end":{"line":44,"column":9}}]},"1":{"type":"branch","line":16,"loc":{"start":{"line":16,"column":2},"end":{"line":36,"column":3}},"locations":[{"start":{"line":16,"column":2},"end":{"line":36,"column":3}}]},"2":{"type":"branch","line":31,"loc":{"start":{"line":31,"column":6},"end":{"line":33,"column":5}},"locations":[{"start":{"line":31,"column":6},"end":{"line":33,"column":5}}]},"3":{"type":"branch","line":33,"loc":{"start":{"line":33,"column":4},"end":{"line":36,"column":3}},"locations":[{"start":{"line":33,"column":4},"end":{"line":36,"column":3}}]},"4":{"type":"branch","line":17,"loc":{"start":{"line":17,"column":25},"end":{"line":17,"column":71}},"locations":[{"start":{"line":17,"column":25},"end":{"line":17,"column":71}}]},"5":{"type":"branch","line":38,"loc":{"start":{"line":38,"column":9},"end":{"line":40,"column":3}},"locations":[{"start":{"line":38,"column":9},"end":{"line":40,"column":3}}]},"6":{"type":"branch","line":42,"loc":{"start":{"line":42,"column":21},"end":{"line":42,"column":97}},"locations":[{"start":{"line":42,"column":21},"end":{"line":42,"column":97}}]},"7":{"type":"branch","line":42,"loc":{"start":{"line":42,"column":64},"end":{"line":42,"column":93}},"locations":[{"start":{"line":42,"column":64},"end":{"line":42,"column":93}}]},"8":{"type":"branch","line":50,"loc":{"start":{"line":50,"column":7},"end":{"line":50,"column":20}},"locations":[{"start":{"line":50,"column":7},"end":{"line":50,"column":20}}]},"9":{"type":"branch","line":55,"loc":{"start":{"line":55,"column":7},"end":{"line":55,"column":24}},"locations":[{"start":{"line":55,"column":7},"end":{"line":55,"column":24}}]},"10":{"type":"branch","line":60,"loc":{"start":{"line":60,"column":89},"end":{"line":60,"column":183}},"locations":[{"start":{"line":60,"column":89},"end":{"line":60,"column":183}}]},"11":{"type":"branch","line":62,"loc":{"start":{"line":62,"column":36},"end":{"line":62,"column":105}},"locations":[{"start":{"line":62,"column":36},"end":{"line":62,"column":105}}]},"12":{"type":"branch","line":69,"loc":{"start":{"line":69,"column":89},"end":{"line":69,"column":174}},"locations":[{"start":{"line":69,"column":89},"end":{"line":69,"column":174}}]},"13":{"type":"branch","line":71,"loc":{"start":{"line":71,"column":36},"end":{"line":71,"column":106}},"locations":[{"start":{"line":71,"column":36},"end":{"line":71,"column":106}}]},"14":{"type":"branch","line":78,"loc":{"start":{"line":78,"column":96},"end":{"line":78,"column":202}},"locations":[{"start":{"line":78,"column":96},"end":{"line":78,"column":202}}]},"15":{"type":"branch","line":80,"loc":{"start":{"line":80,"column":13},"end":{"line":81,"column":49}},"locations":[{"start":{"line":80,"column":13},"end":{"line":81,"column":49}}]},"16":{"type":"branch","line":82,"loc":{"start":{"line":82,"column":39},"end":{"line":82,"column":51}},"locations":[{"start":{"line":82,"column":39},"end":{"line":82,"column":51}}]},"17":{"type":"branch","line":91,"loc":{"start":{"line":91,"column":76},"end":{"line":91,"column":149}},"locations":[{"start":{"line":91,"column":76},"end":{"line":91,"column":149}}]},"18":{"type":"branch","line":110,"loc":{"start":{"line":110,"column":7},"end":{"line":110,"column":29}},"locations":[{"start":{"line":110,"column":7},"end":{"line":110,"column":29}}]},"19":{"type":"branch","line":118,"loc":{"start":{"line":118,"column":35},"end":{"line":118,"column":50}},"locations":[{"start":{"line":118,"column":35},"end":{"line":118,"column":50}}]},"20":{"type":"branch","line":118,"loc":{"start":{"line":118,"column":45},"end":{"line":118,"column":50}},"locations":[{"start":{"line":118,"column":45},"end":{"line":118,"column":50}}]},"21":{"type":"branch","line":127,"loc":{"start":{"line":127,"column":5},"end":{"line":127,"column":16}},"locations":[{"start":{"line":127,"column":5},"end":{"line":127,"column":16}}]}},"b":{"0":[4],"1":[4],"2":[0],"3":[3],"4":[4],"5":[4],"6":[4],"7":[0],"8":[4],"9":[4],"10":[7],"11":[2],"12":[7],"13":[2],"14":[7],"15":[1],"16":[2],"17":[4],"18":[4],"19":[4],"20":[0],"21":[4]},"fnMap":{"0":{"name":"_page","decl":{"start":{"line":1,"column":0},"end":{"line":44,"column":9}},"loc":{"start":{"line":1,"column":0},"end":{"line":44,"column":9}},"line":1},"1":{"name":"loadDashboard","decl":{"start":{"line":16,"column":2},"end":{"line":36,"column":3}},"loc":{"start":{"line":16,"column":2},"end":{"line":36,"column":3}},"line":16},"2":{"name":"__vite_ssr_import_1__.add_svelte_meta.componentTag","decl":{"start":{"line":50,"column":7},"end":{"line":50,"column":20}},"loc":{"start":{"line":50,"column":7},"end":{"line":50,"column":20}},"line":50},"3":{"name":"__vite_ssr_import_1__.add_svelte_meta.componentTag","decl":{"start":{"line":55,"column":7},"end":{"line":55,"column":24}},"loc":{"start":{"line":55,"column":7},"end":{"line":55,"column":24}},"line":55},"4":{"name":"__vite_ssr_import_1__.add_svelte_meta.componentTag","decl":{"start":{"line":110,"column":7},"end":{"line":110,"column":29}},"loc":{"start":{"line":110,"column":7},"end":{"line":110,"column":29}},"line":110},"5":{"name":"__vite_ssr_import_1__.add_svelte_meta.componentTag","decl":{"start":{"line":127,"column":5},"end":{"line":127,"column":16}},"loc":{"start":{"line":127,"column":5},"end":{"line":127,"column":16}},"line":127}},"f":{"0":4,"1":4,"2":4,"3":4,"4":4,"5":4}}
,"/home/will/Documents/GuitarHub/src/routes/collection/+page.svelte": {"path":"/home/will/Documents/GuitarHub/src/routes/collection/+page.svelte","all":true,"statementMap":{"0":{"start":{"line":1,"column":0},"end":{"line":1,"column":18}},"1":{"start":{"line":2,"column":0},"end":{"line":2,"column":35}},"2":{"start":{"line":3,"column":0},"end":{"line":3,"column":69}},"3":{"start":{"line":4,"column":0},"end":{"line":4,"column":79}},"5":{"start":{"line":6,"column":0},"end":{"line":6,"column":17}},"6":{"start":{"line":7,"column":0},"end":{"line":7,"column":21}},"7":{"start":{"line":8,"column":0},"end":{"line":8,"column":26}},"8":{"start":{"line":9,"column":0},"end":{"line":9,"column":5}},"9":{"start":{"line":10,"column":0},"end":{"line":10,"column":9}},"11":{"start":{"line":12,"column":0},"end":{"line":12,"column":18}},"17":{"start":{"line":18,"column":0},"end":{"line":18,"column":20}}},"s":{"0":0,"1":0,"2":0,"3":0,"5":0,"6":0,"7":0,"8":0,"9":0,"11":0,"17":0},"branchMap":{"0":{"type":"branch","line":1,"loc":{"start":{"line":1,"column":1038},"end":{"line":60,"column":8}},"locations":[{"start":{"line":1,"column":1038},"end":{"line":60,"column":8}}]}},"b":{"0":[0]},"fnMap":{"0":{"name":"(empty-report)","decl":{"start":{"line":1,"column":1038},"end":{"line":60,"column":8}},"loc":{"start":{"line":1,"column":1038},"end":{"line":60,"column":8}},"line":1}},"f":{"0":0}}
,"/home/will/Documents/GuitarHub/src/routes/settings/+page.svelte": {"path":"/home/will/Documents/GuitarHub/src/routes/settings/+page.svelte","all":true,"statementMap":{"0":{"start":{"line":1,"column":0},"end":{"line":1,"column":8}},"1":{"start":{"line":2,"column":0},"end":{"line":2,"column":57}},"2":{"start":{"line":3,"column":0},"end":{"line":3,"column":9}},"4":{"start":{"line":5,"column":0},"end":{"line":5,"column":18}},"6":{"start":{"line":7,"column":0},"end":{"line":7,"column":14}}},"s":{"0":0,"1":0,"2":0,"4":0,"6":0},"branchMap":{"0":{"type":"branch","line":1,"loc":{"start":{"line":1,"column":412},"end":{"line":29,"column":8}},"locations":[{"start":{"line":1,"column":412},"end":{"line":29,"column":8}}]}},"b":{"0":[0]},"fnMap":{"0":{"name":"(empty-report)","decl":{"start":{"line":1,"column":412},"end":{"line":29,"column":8}},"loc":{"start":{"line":1,"column":412},"end":{"line":29,"column":8}},"line":1}},"f":{"0":0}}
}
